
Stepsize =  1.0 fs
Thermostat = Andersen
Target Temperature = 100.0 K
Starting Temperature = 99.21966 K
Ar	21.2841845703125	14.24124755859375	32.67951171875
Ar	31.35294677734375	39.108154296875	41.000654296875
Ar	41.813896484375	22.33462158203125	19.857421875
Ar	17.1446337890625	26.48181640625	33.8975830078125
Ar	28.052412109375002	29.5904150390625	43.024169921875
Ar	37.84048828125	27.25037841796875	25.6956689453125
Ar	38.4013671875	33.8368408203125	35.39656005859375
Ar	25.93086669921875	19.529781494140625	22.83647216796875
Ar	26.46830078125	13.7109130859375	45.9587255859375
Ar	39.612446289062504	13.560047607421875	24.1249658203125
Ar	30.328017578125	25.5930908203125	42.308291015625
Ar	45.3860986328125	21.84238525390625	32.032822265625
Ar	24.415458984375	27.1752294921875	29.14138671875
Ar	29.724501953125	28.0861328125	22.703718261718752
Ar	37.34943359375	24.293173828125	16.934259033203126
Ar	24.36632080078125	30.3873193359375	31.8618994140625
Ar	17.963775634765625	33.226948242187504	33.549755859375
Ar	46.5404150390625	22.35155029296875	28.80012939453125
Ar	9.36566162109375	24.0858642578125	34.641328125
Ar	44.67142578125	28.406787109375	13.73896240234375
Ar	37.866669921875	21.68253662109375	25.06744384765625
Ar	42.09671875	28.11697509765625	42.785122070312504
Ar	29.40102294921875	18.70512451171875	50.277412109375
Ar	32.104816894531254	35.74371337890625	18.649627685546875
Ar	15.85802734375	38.60211181640625	37.8966064453125
Ar	19.508128662109375	36.2081689453125	14.481678466796875
Ar	27.10387451171875	8.333865966796875	40.69068115234375
Ar	12.030487060546875	19.0387841796875	24.9833251953125
Ar	35.05781494140625	23.03064453125	23.75099853515625
Ar	33.34736328125	19.700279541015625	32.791164550781254
Ar	13.664212646484375	24.6401318359375	38.39360107421875
Ar	24.013046875	34.14927734375	32.378864746093754
Ar	36.11447509765625	57.3970068359375	44.8475146484375
Ar	26.63545654296875	53.12251953125	13.019388427734375
Ar	25.62061767578125	39.18324951171875	46.412001953125
Ar	22.1789453125	20.2985498046875	0.0
Ar	30.368227539062502	43.7469287109375	29.4390869140625
Ar	24.548544921875	24.284736328125	9.521404418945313
Ar	52.81505859375	36.60906982421875	27.839975585937502
Ar	49.5948779296875	19.585540771484375	26.4920556640625
Ar	29.979650878906252	36.4191748046875	38.730366210937504
Ar	35.402248535156254	30.0559814453125	30.85039794921875
Ar	26.1794384765625	33.78736083984375	55.698085937500004
Ar	29.57438232421875	50.271845703125	27.3106689453125
Ar	32.759140625	30.682685546875	39.79030517578125
Ar	33.12671630859375	26.89865966796875	23.473603515625
Ar	23.6679736328125	22.97325927734375	23.36083251953125
Ar	6.58404541015625	1.7015647888183594	36.9600830078125
Ar	33.938137207031254	32.53851806640625	28.9708447265625
Ar	44.4422900390625	32.63102783203125	31.758894042968752
Ar	48.78966796875	46.392963867187504	43.1652197265625
Ar	1.210458755493164	32.6664111328125	20.58685302734375
Ar	23.85282958984375	13.599857177734375	20.59359375
Ar	39.870983886718754	46.208359375	34.948662109375
Ar	22.59779052734375	36.1690283203125	29.14211669921875
Ar	17.808983154296875	19.3575634765625	23.38852783203125
Ar	21.2911767578125	42.720537109375	28.93251220703125
Ar	4.4528045654296875	33.154072265625004	21.8836962890625
Ar	32.72450927734375	16.856055908203125	21.87379638671875
Ar	16.226478271484375	41.812529296875	26.2721875
Ar	42.9644775390625	34.7943115234375	26.31446044921875
Ar	16.49332763671875	45.863876953125	36.875703125
Ar	25.6721923828125	10.31168212890625	50.8484716796875
Ar	21.3934326171875	46.1293896484375	11.534091796875
Ar	30.61151123046875	39.41303955078125	52.00013671875
Ar	26.896806640625	21.8487939453125	8.470884399414063
Ar	23.42327392578125	25.260068359375	32.5782080078125
Ar	25.778635253906252	14.8952783203125	24.23725830078125
Ar	1.9703826904296875	30.6249267578125	26.7962353515625
Ar	26.9832080078125	36.93914306640625	36.00834716796875
Ar	21.1395947265625	23.15198974609375	20.66471923828125
Ar	17.860789794921875	27.613310546875	27.98307373046875
Ar	52.5077294921875	42.02759765625	30.83526123046875
Ar	36.117885742187504	29.05316162109375	22.908330078125
Ar	33.32282958984375	21.8158251953125	29.39634765625
Ar	30.20802978515625	47.699848632812504	12.416351318359375
Ar	51.051762695312505	40.05558349609375	16.735653076171875
Ar	31.04369873046875	35.65884765625	46.6678857421875
Ar	22.735334472656252	35.857001953125	7.497730102539062
Ar	29.798447265625	47.292236328125	37.194042968750004
Ar	44.9210595703125	39.7122802734375	21.32904541015625
Ar	23.2440966796875	14.774420166015625	44.545908203125
Ar	27.5962060546875	25.638654785156252	27.35279541015625
Ar	35.02908203125	7.16635498046875	37.2176318359375
Ar	20.96458740234375	27.34776611328125	32.17728759765625
Ar	36.5748974609375	30.2532666015625	35.2577978515625
Ar	41.749189453125	37.955546875	32.2236865234375
Ar	15.272117919921875	29.3513330078125	16.11703125
Ar	43.938642578125	26.83318603515625	54.507158203125
Ar	26.4718017578125	29.14151123046875	22.4524755859375
Ar	37.61557373046875	33.12974853515625	29.749636230468752
Ar	28.68998291015625	12.655589599609375	16.910228271484375
Ar	20.61233154296875	19.33822265625	21.43801513671875
Ar	23.34438720703125	25.9155078125	19.172906494140626
Ar	30.81074951171875	43.5592333984375	34.894970703125004
Ar	38.6838525390625	39.78391357421875	30.91661376953125
Ar	23.2421875	9.420940551757813	22.533518066406252
Ar	29.373896484375	49.4091259765625	40.8579931640625
Ar	37.18344482421875	27.12693115234375	37.08369384765625
Ar	43.7020068359375	42.01322265625	31.0717724609375
Ar	26.16504638671875	49.60578125	18.006723632812502
Ar	31.32016845703125	24.42997314453125	31.747333984375
Ar	48.409033203125	32.8315576171875	31.887275390625
Ar	36.0301806640625	20.348690185546875	35.372177734375
Ar	33.4734228515625	33.25468505859375	25.5112646484375
Ar	32.5014990234375	32.11587890625	35.80790283203125
Ar	54.3341845703125	33.83020751953125	42.96412109375
Ar	29.2226416015625	33.451130371093754	36.20698486328125

step 100
T = 93.50935
P = 1.1898101e-6
Ar	21.28365478515625	14.259400634765626	32.70801025390625
Ar	31.359111328125	39.12577880859375	41.013569335937504
Ar	41.8623046875	22.33436279296875	19.815679931640627
Ar	17.16688720703125	26.5232763671875	33.93333251953125
Ar	28.1124951171875	29.5606298828125	43.018696289062504
Ar	37.78461669921875	27.28474609375	25.7395263671875
Ar	38.395986328125	33.89532958984375	35.44831298828125
Ar	25.97572265625	19.508100585937502	22.842634277343752
Ar	26.49116455078125	13.7086962890625	46.102070312500004
Ar	39.57564453125	13.559146728515625	24.0841748046875
Ar	30.32998291015625	25.56674072265625	42.3042919921875
Ar	45.365429687500004	21.841772460937502	32.052421875
Ar	24.3936376953125	27.16496337890625	29.142998046875
Ar	29.76868408203125	28.06095458984375	22.69616943359375
Ar	37.353720703125	24.31087646484375	17.01745361328125
Ar	24.40919677734375	30.440900878906252	31.841298828125
Ar	17.9652880859375	33.142265625	33.58939453125
Ar	46.5174462890625	22.27239501953125	28.791242675781252
Ar	9.345877075195313	24.10226806640625	34.60614501953125
Ar	44.728388671875	28.36416259765625	13.773858642578125
Ar	37.95990234375	21.60494384765625	25.07052490234375
Ar	41.998720703125	28.0929541015625	42.70666015625
Ar	29.30933837890625	18.65113525390625	50.261220703125
Ar	32.074970703125004	35.73512939453125	18.64861083984375
Ar	15.85764404296875	38.58903564453125	37.90555908203125
Ar	19.4271484375	36.17897705078125	14.46595703125
Ar	27.140634765625002	8.367666625976563	40.6960791015625
Ar	12.01669189453125	18.809443359375	24.83579345703125
Ar	34.997036132812504	23.153310546875	23.75026611328125
Ar	33.3021875	19.70172119140625	32.6184521484375
Ar	13.7121728515625	24.672590332031252	38.318867187500004
Ar	23.88765625	34.186005859375	32.44733154296875
Ar	36.1929638671875	57.355732421875004	44.97314453125
Ar	26.67932861328125	53.1064892578125	13.002707519531251
Ar	25.75178466796875	39.30260986328125	46.3977490234375
Ar	22.252600097656252	20.2229541015625	57.9902587890625
Ar	30.413645019531252	43.6637646484375	29.394995117187502
Ar	24.52853271484375	24.31280517578125	9.556939697265625
Ar	52.687470703125	36.57285888671875	27.72900146484375
Ar	49.58966796875	19.67101318359375	26.513098144531252
Ar	30.02967529296875	36.4785400390625	38.71238525390625
Ar	35.31400146484375	30.073662109375	30.84999267578125
Ar	26.19331787109375	33.8333447265625	55.6932080078125
Ar	29.64431640625	50.2560302734375	27.25947509765625
Ar	32.77042236328125	30.64159423828125	39.82965087890625
Ar	33.09247314453125	26.91082275390625	23.482880859375
Ar	23.67556640625	22.981083984375	23.2869189453125
Ar	6.658341064453126	1.7223921203613282	36.9662451171875
Ar	33.922565917968754	32.523583984375	28.9289111328125
Ar	44.430078125	32.667934570312504	31.736364746093752
Ar	48.7706689453125	46.4287646484375	43.172260742187504
Ar	1.1910015106201173	32.5190478515625	20.58331298828125
Ar	23.80819091796875	13.5877001953125	20.53405517578125
Ar	39.852497558593754	46.247705078125	34.9277099609375
Ar	22.662241210937502	36.08837890625	29.064497070312502
Ar	17.818675537109375	19.361990966796874	23.45602783203125
Ar	21.24175048828125	42.732763671875	28.85438720703125
Ar	4.425235595703125	33.157587890625	21.835676269531252
Ar	32.74534423828125	16.847183837890626	21.801064453125
Ar	16.278475341796874	41.8058984375	26.237783203125
Ar	43.00123046875	34.78353759765625	26.34072265625
Ar	16.507744140625	45.8412353515625	36.750622558593754
Ar	25.5780712890625	10.41058349609375	50.8231103515625
Ar	21.310419921875	46.0595166015625	11.561480712890626
Ar	30.547583007812502	39.51276123046875	52.02595703125
Ar	26.910107421875	21.9090185546875	8.46393798828125
Ar	23.5437060546875	25.20247314453125	32.51010986328125
Ar	25.754702148437502	14.896856689453125	24.2423095703125
Ar	1.9868513488769532	30.6000537109375	26.865725097656252
Ar	27.013876953125	36.770710449218754	36.0915771484375
Ar	21.1100537109375	23.22255615234375	20.6867138671875
Ar	17.840052490234374	27.5775048828125	28.0784912109375
Ar	52.552563476562504	41.94578125	30.72456787109375
Ar	36.099775390625	29.003623046875	22.8662353515625
Ar	33.339521484375	21.77252197265625	29.351943359375
Ar	30.16115966796875	47.752734375	12.474875488281251
Ar	51.071708984375	40.00498291015625	16.81381591796875
Ar	31.052370605468752	35.57952880859375	46.683857421875004
Ar	22.634104003906252	35.74548095703125	7.6723828125
Ar	29.79046142578125	47.1919384765625	37.2176611328125
Ar	44.9325634765625	39.81751953125	21.237255859375
Ar	23.27199951171875	14.718121337890626	44.5276953125
Ar	27.53891357421875	25.73129638671875	27.39613037109375
Ar	34.98249755859375	7.018175659179688	37.11523681640625
Ar	20.87739990234375	27.35114013671875	32.15216552734375
Ar	36.53743896484375	30.173564453125	35.149609375000004
Ar	41.795131835937504	38.00108642578125	32.21955810546875
Ar	15.241320800781251	29.45044677734375	16.083509521484377
Ar	44.0158984375	26.789553222656252	54.483295898437504
Ar	26.44046875	29.1508251953125	22.48369384765625
Ar	37.5369189453125	33.1911572265625	29.633649902343752
Ar	28.5888525390625	12.715538330078125	16.802249755859375
Ar	20.65921142578125	19.377559814453125	21.44685791015625
Ar	23.33946533203125	25.96786865234375	19.2589697265625
Ar	30.7912841796875	43.5093310546875	34.90666015625
Ar	38.52435546875	39.70254638671875	30.866220703125002
Ar	23.255415039062502	9.421800537109375	22.491806640625
Ar	29.3489111328125	49.4425537109375	40.8620068359375
Ar	37.236923828125	27.13796875	37.030842285156254
Ar	43.677944335937504	42.1362744140625	30.98975830078125
Ar	26.100317382812502	49.583583984375004	18.138880615234374
Ar	31.298647460937502	24.271215820312502	31.6792333984375
Ar	48.442666015625	32.8378857421875	31.88210205078125
Ar	36.01069580078125	20.283843994140625	35.2137451171875
Ar	33.41196533203125	33.22623291015625	25.57651123046875
Ar	32.47507568359375	32.1042529296875	35.8285693359375
Ar	54.318173828125	33.8317236328125	43.0192919921875
Ar	29.21511474609375	33.54385986328125	36.16134521484375

step 200
T = 101.25396
P = 1.194097e-6
Ar	21.174448242187502	14.3051123046875	32.6656201171875
Ar	31.34020751953125	39.1424267578125	41.0014501953125
Ar	41.8596337890625	22.30940185546875	19.827076416015625
Ar	17.127569580078127	26.5169677734375	33.95490478515625
Ar	28.10188720703125	29.53211669921875	42.979658203125
Ar	37.8245556640625	27.326215820312502	25.76162841796875
Ar	38.44180419921875	33.85881103515625	35.41433837890625
Ar	26.06527099609375	19.46736572265625	22.8658447265625
Ar	26.55701904296875	13.621719970703126	46.0962158203125
Ar	39.53569580078125	13.605914306640626	24.1314013671875
Ar	30.342724609375	25.606306152343752	42.3210009765625
Ar	45.2774609375	21.75817138671875	32.0847119140625
Ar	24.4611083984375	27.17800537109375	29.08305419921875
Ar	29.7735595703125	28.089111328125	22.69657958984375
Ar	37.426015625	24.3633544921875	17.035279541015626
Ar	24.448000488281252	30.48274658203125	31.7644580078125
Ar	17.91037841796875	33.157958984375	33.465107421875004
Ar	46.5115966796875	22.28306640625	28.8388330078125
Ar	9.359637451171876	24.100068359375	34.44212158203125
Ar	44.823896484375	28.356062011718752	13.798392333984376
Ar	37.9482763671875	21.57057373046875	25.09264892578125
Ar	42.0571435546875	27.99894775390625	42.7301123046875
Ar	29.26329345703125	18.638436279296876	50.31392578125
Ar	31.934389648437502	35.70196044921875	18.677742919921876
Ar	15.808763427734375	38.56459716796875	37.821904296875
Ar	19.45568115234375	35.9686962890625	14.46929443359375
Ar	27.138994140625	8.408976440429688	40.71956787109375
Ar	11.921757812500001	18.796416015625	24.80308837890625
Ar	34.98006591796875	23.12138427734375	23.80606201171875
Ar	33.27569580078125	19.73011474609375	32.5577734375
Ar	13.67892822265625	24.66893310546875	38.32681396484375
Ar	23.97803466796875	34.1086767578125	32.464802246093754
Ar	36.1965283203125	57.379902343750004	44.981831054687504
Ar	26.63835693359375	53.1340283203125	13.114210205078125
Ar	25.70441162109375	39.356826171875	46.3802783203125
Ar	22.21470947265625	20.2776708984375	57.991416015625
Ar	30.46063720703125	43.70521484375	29.3315576171875
Ar	24.5394287109375	24.25826904296875	9.60751220703125
Ar	52.665424804687504	36.4990673828125	27.671064453125002
Ar	49.568242187500005	19.675748291015626	26.4785107421875
Ar	29.94671142578125	36.460986328125	38.73516357421875
Ar	35.3223779296875	30.0442626953125	30.758759765625
Ar	26.12606689453125	33.838100585937504	55.7362744140625
Ar	29.645146484375	50.3999609375	27.16107666015625
Ar	32.743271484375	30.795332031250002	39.792622070312504
Ar	33.26946533203125	26.87029541015625	23.46806396484375
Ar	23.70012939453125	22.965917968750002	23.314169921875
Ar	6.73690673828125	1.7271997070312501	37.00517333984375
Ar	33.86307373046875	32.44344970703125	29.021791992187502
Ar	44.310810546875004	32.6792578125	31.76957275390625
Ar	48.72876953125	46.438984375000004	43.1581298828125
Ar	1.1287628936767578	32.46128173828125	20.484765625
Ar	23.894636230468752	13.591162109375	20.57834716796875
Ar	39.883994140625	46.219555664062504	34.9355419921875
Ar	22.61688720703125	36.12686279296875	29.077402343750002
Ar	17.760518798828127	19.40666748046875	23.4297265625
Ar	21.3625390625	42.8795263671875	28.9614306640625
Ar	4.418608703613281	33.11654052734375	21.8369873046875
Ar	32.7829345703125	16.78940673828125	21.75516845703125
Ar	16.327275390625	41.8077978515625	26.20805419921875
Ar	43.0699072265625	34.823125	26.26853271484375
Ar	16.534598388671874	45.791157226562504	36.794521484375004
Ar	25.57109130859375	10.40809326171875	50.8459033203125
Ar	21.206247558593752	46.0255908203125	11.46280517578125
Ar	30.5536376953125	39.49623779296875	52.13046875
Ar	26.918623046875002	21.78349853515625	8.424414672851563
Ar	23.631318359375	25.110810546875	32.47531494140625
Ar	25.7315576171875	14.967045898437501	24.2963427734375
Ar	1.984277801513672	30.5573193359375	26.90220703125
Ar	26.86409912109375	36.81955322265625	36.002529296875004
Ar	21.27742431640625	23.261083984375002	20.68307861328125
Ar	17.847705078125	27.6224853515625	28.150148925781252
Ar	52.634453125	41.988178710937504	30.70629638671875
Ar	36.16670166015625	29.04294189453125	22.74308837890625
Ar	33.34186767578125	21.75509765625	29.47042236328125
Ar	30.1699755859375	47.7483984375	12.3655126953125
Ar	51.086591796875	40.00572265625	16.865140380859376
Ar	31.0851318359375	35.62924560546875	46.75986328125
Ar	22.556196289062502	35.7329736328125	7.589002075195313
Ar	29.75550048828125	47.145527343750004	37.234267578125
Ar	44.9766259765625	39.9131982421875	21.2138720703125
Ar	23.20770263671875	14.6662060546875	44.532529296875
Ar	27.579694824218752	25.778369140625	27.34199462890625
Ar	35.030595703125	7.0390673828125	37.04773681640625
Ar	20.73819091796875	27.29463134765625	32.21954345703125
Ar	36.49089111328125	30.223623046875	35.12329345703125
Ar	41.6743017578125	37.980966796875	32.15307373046875
Ar	15.300244140625	29.439062500000002	16.02526611328125
Ar	44.0177490234375	26.77513671875	54.416044921875
Ar	26.4511376953125	29.083627929687502	22.46155517578125
Ar	37.558173828125	33.213486328125	29.7296630859375
Ar	28.466826171875	12.7682177734375	16.7791552734375
Ar	20.69636962890625	19.284775390625	21.487680664062502
Ar	23.321025390625	26.01108642578125	19.252216796875
Ar	30.77536865234375	43.6109619140625	34.9371142578125
Ar	38.56304931640625	39.67534423828125	30.89487548828125
Ar	23.25999755859375	9.363852539062501	22.45764404296875
Ar	29.422739257812502	49.35990234375	40.77269775390625
Ar	37.27409423828125	27.11666748046875	37.015034179687504
Ar	43.648334960937504	42.1852294921875	30.91447998046875
Ar	26.0891064453125	49.621865234375	18.067274169921877
Ar	31.3322314453125	24.276350097656252	31.6448779296875
Ar	48.485390625	32.93034423828125	31.927492675781252
Ar	36.07387451171875	20.26319091796875	35.139736328125004
Ar	33.388203125000004	33.158583984375	25.37941162109375
Ar	32.489895019531254	32.120234375	35.84518798828125
Ar	54.36984375	33.7015673828125	42.966748046875004
Ar	29.1693408203125	33.62010498046875	36.198017578125004

step 300
T = 101.23517
P = 1.1940865e-6
Ar	21.2241796875	14.29718994140625	32.66685302734375
Ar	31.3613427734375	39.21787109375	40.9
Ar	41.94552734375	22.36402099609375	19.783063964843752
Ar	17.176688232421874	26.475141601562502	33.91955810546875
Ar	28.07756103515625	29.51653076171875	42.9408935546875
Ar	37.83976806640625	27.43972412109375	25.76756591796875
Ar	38.488291015625	33.929218750000004	35.48156494140625
Ar	26.077924804687502	19.556778564453126	22.8742236328125
Ar	26.57631591796875	13.6454833984375	46.1687353515625
Ar	39.6084912109375	13.618570556640625	24.038291015625
Ar	30.32072021484375	25.5907666015625	42.3742138671875
Ar	45.2339208984375	21.84023681640625	32.0911865234375
Ar	24.325361328125002	27.14449951171875	29.11532470703125
Ar	29.713828125	28.0736083984375	22.74907958984375
Ar	37.42023193359375	24.41385009765625	17.052088623046874
Ar	24.45397216796875	30.4816064453125	31.82056396484375
Ar	17.89798095703125	33.19077880859375	33.49459228515625
Ar	46.532412109375	22.4376708984375	28.7919921875
Ar	9.30398193359375	24.0756201171875	34.46863525390625
Ar	44.77146484375	28.38270263671875	13.761007080078125
Ar	37.9695263671875	21.50224853515625	25.03451171875
Ar	41.97142578125	28.05293212890625	42.7015283203125
Ar	29.166591796875	18.653912353515626	50.407070312500004
Ar	32.084287109375	35.686848144531254	18.571302490234377
Ar	15.837573242187501	38.599462890625	37.85067138671875
Ar	19.456153564453125	35.90134033203125	14.420855712890626
Ar	27.293857421875	8.347686157226562	40.728603515625004
Ar	11.932781982421876	18.772763671875	24.86024658203125
Ar	35.0450537109375	23.185861816406252	23.86792724609375
Ar	33.232734375	19.78858154296875	32.5614404296875
Ar	13.68131591796875	24.77371337890625	38.400112304687504
Ar	23.96927978515625	34.04571044921875	32.455532226562504
Ar	36.23261962890625	57.4429052734375	44.9622216796875
Ar	26.596296386718752	53.194130859375	13.253399658203126
Ar	25.71135498046875	39.35838623046875	46.4333935546875
Ar	22.27878173828125	20.253077392578124	0.043625988960266114
Ar	30.46931884765625	43.793564453125	29.250673828125002
Ar	24.67225341796875	24.329931640625002	9.6712548828125
Ar	52.6865869140625	36.559475097656254	27.77177978515625
Ar	49.550610351562504	19.628829345703124	26.42893310546875
Ar	29.91128662109375	36.418774414062504	38.675224609375
Ar	35.495007324218754	30.00086669921875	30.8852197265625
Ar	26.1009521484375	33.75174560546875	55.771787109375
Ar	29.738405761718752	50.41322265625	27.0865673828125
Ar	32.71558349609375	30.83589111328125	39.7467529296875
Ar	33.28364501953125	26.951662597656252	23.46643310546875
Ar	23.66774169921875	22.91476318359375	23.2053759765625
Ar	6.832135009765625	1.6893113708496095	36.94968994140625
Ar	33.8489892578125	32.52413330078125	29.04373291015625
Ar	44.4505615234375	32.67780029296875	31.70318603515625
Ar	48.6407861328125	46.304931640625	43.186665039062504
Ar	1.1078240966796875	32.36071044921875	20.412430419921876
Ar	23.85572509765625	13.613524169921876	20.51695556640625
Ar	39.9248193359375	46.2931689453125	34.8437890625
Ar	22.565888671875	36.076367187500004	29.155244140625
Ar	17.782161865234375	19.404423828125	23.3233642578125
Ar	21.354196777343752	42.984765625	28.92583984375
Ar	4.444805603027344	33.08084716796875	21.81855712890625
Ar	32.87402587890625	16.78182373046875	21.7405810546875
Ar	16.2602099609375	41.7795849609375	26.1536865234375
Ar	43.106655273437504	34.77371337890625	26.28896484375
Ar	16.550654296875	45.77875	36.7522607421875
Ar	25.5053662109375	10.3515380859375	50.93400390625
Ar	21.17468017578125	45.985195312500004	11.418267822265625
Ar	30.63028076171875	39.4593115234375	52.057041015625
Ar	26.921494140625	21.892529296875	8.420309448242188
Ar	23.6556201171875	25.1305224609375	32.4384814453125
Ar	25.716240234375	14.953394775390626	24.12900634765625
Ar	1.9473980712890626	30.608503417968752	26.9168212890625
Ar	26.902143554687502	36.896953125	35.97808349609375
Ar	21.30710693359375	23.19418212890625	20.682111816406252
Ar	17.793485107421876	27.6716455078125	28.240185546875
Ar	52.683740234375	42.0381640625	30.71652587890625
Ar	36.1853466796875	29.091962890625002	22.743076171875
Ar	33.47741455078125	21.75696533203125	29.44791015625
Ar	30.22294677734375	47.6565771484375	12.4251171875
Ar	51.016591796875	39.96248779296875	16.864595947265624
Ar	31.06160400390625	35.65341552734375	46.7945703125
Ar	22.41338134765625	35.62034423828125	7.5206494140625
Ar	29.751064453125	47.2115185546875	37.25583251953125
Ar	45.0237890625	40.01880126953125	21.161962890625002
Ar	23.22459716796875	14.679776611328125	44.523271484375
Ar	27.5418017578125	25.766489257812502	27.23458740234375
Ar	35.06637939453125	7.000587158203125	37.130537109375
Ar	20.74005859375	27.29863525390625	32.226643066406254
Ar	36.4639111328125	30.19888671875	35.1294970703125
Ar	41.764301757812504	37.94034423828125	32.04031982421875
Ar	15.362774658203126	29.45794189453125	16.0418359375
Ar	43.988701171875	26.7637890625	54.405830078125
Ar	26.47361328125	29.05638916015625	22.38653076171875
Ar	37.50959716796875	33.0558447265625	29.649843750000002
Ar	28.5697412109375	12.74698974609375	16.816591796875
Ar	20.758161621093752	19.228287353515626	21.541015625
Ar	23.30029296875	26.0664453125	19.276033935546874
Ar	30.81385498046875	43.5914990234375	34.9490771484375
Ar	38.590466308593754	39.699921875	30.96166259765625
Ar	23.1489990234375	9.384467163085938	22.4774560546875
Ar	29.468054199218752	49.295322265625	40.805317382812504
Ar	37.27064697265625	27.10333984375	37.04385986328125
Ar	43.7278662109375	42.320942382812504	30.9032177734375
Ar	25.95122314453125	49.6788916015625	18.04404541015625
Ar	31.199797363281252	24.350048828125	31.6975634765625
Ar	48.539833984375	32.9803466796875	32.048486328125
Ar	36.097080078125	20.251239013671874	35.11920654296875
Ar	33.39136474609375	33.10053955078125	25.31823486328125
Ar	32.4974755859375	32.12652587890625	35.81208984375
Ar	54.4526220703125	33.81119140625	43.0082080078125
Ar	29.18579833984375	33.612202148437504	36.24603759765625

step 400
T = 103.80657
P = 1.1955099e-6
Ar	21.18290771484375	14.30887451171875	32.63369140625
Ar	31.47239013671875	39.260036621093754	41.016982421875
Ar	41.931630859375	22.32930419921875	19.7776806640625
Ar	17.186488037109374	26.45900634765625	33.92840087890625
Ar	28.036865234375	29.393623046875	42.895673828125
Ar	37.75474609375	27.40854736328125	25.71010498046875
Ar	38.47515380859375	33.98501708984375	35.453173828125
Ar	26.01341796875	19.55782958984375	22.8962939453125
Ar	26.6259326171875	13.659873046875001	46.0254248046875
Ar	39.666455078125004	13.59966552734375	24.0138232421875
Ar	30.3311767578125	25.5842138671875	42.376953125
Ar	45.262373046875	21.8577294921875	32.03867919921875
Ar	24.455390625	27.1151025390625	29.094072265625
Ar	29.68353271484375	28.09635498046875	22.79545166015625
Ar	37.3863525390625	24.34044189453125	17.054691162109375
Ar	24.43586669921875	30.4586328125	31.8965576171875
Ar	17.834852294921877	33.276638183593754	33.4757421875
Ar	46.5496533203125	22.29362548828125	28.77612060546875
Ar	9.388336791992188	24.0608984375	34.4936962890625
Ar	44.9663330078125	28.2982421875	13.740880126953126
Ar	38.04794189453125	21.42193603515625	24.98925537109375
Ar	41.9774169921875	28.088789062500002	42.7275634765625
Ar	29.1739208984375	18.613341064453124	50.38748046875
Ar	32.1171044921875	35.682155761718754	18.52035400390625
Ar	15.864818115234375	38.651989746093754	37.7698779296875
Ar	19.42631103515625	35.83124755859375	14.351218261718751
Ar	27.39041015625	8.349854736328124	40.7794970703125
Ar	11.922589111328126	18.811934814453124	24.9162890625
Ar	35.14681884765625	23.178476562500002	23.847082519531252
Ar	33.2544873046875	19.7655517578125	32.63955078125
Ar	13.491094970703125	24.76687255859375	38.38957275390625
Ar	24.0169970703125	34.052028808593754	32.476708984375
Ar	36.120634765625	57.4258154296875	45.042607421875
Ar	26.50902099609375	53.19140625	13.261466064453126
Ar	25.75521484375	39.33208740234375	46.4783349609375
Ar	22.24992431640625	20.237166748046874	0.010161345005035401
Ar	30.52017578125	43.679296875	29.1411865234375
Ar	24.6967919921875	24.35606689453125	9.761069946289062
Ar	52.787983398437504	36.55150146484375	27.72736083984375
Ar	49.495869140625004	19.56416015625	26.36521240234375
Ar	29.903955078125	36.34158203125	38.746552734375
Ar	35.51902587890625	29.93557373046875	30.91212158203125
Ar	26.100205078125	33.75081787109375	55.7206396484375
Ar	29.67929443359375	50.36328125	27.05840576171875
Ar	32.66406982421875	30.82442626953125	39.69876708984375
Ar	33.2879541015625	26.97902099609375	23.44466552734375
Ar	23.72874755859375	22.89447509765625	23.21701416015625
Ar	6.859967651367188	1.654549102783203	36.91659423828125
Ar	33.82875732421875	32.59470703125	29.1121435546875
Ar	44.3609765625	32.65854736328125	31.66493408203125
Ar	48.5573876953125	46.3760107421875	43.2683544921875
Ar	1.0621923828125	32.285634765625	20.3909033203125
Ar	23.83195556640625	13.672081298828125	20.491037597656252
Ar	39.909150390625	46.339052734375	34.85027587890625
Ar	22.45575439453125	36.03885009765625	29.158430175781252
Ar	17.64810546875	19.30946044921875	23.29307861328125
Ar	21.28397705078125	42.92859375	28.9565673828125
Ar	4.438227233886719	33.04938720703125	21.83479248046875
Ar	32.804599609375	16.770360107421876	21.73583740234375
Ar	16.272110595703126	41.793173828125	26.191381835937502
Ar	43.1511279296875	34.7984912109375	26.199282226562502
Ar	16.556002197265624	45.7968701171875	36.75549072265625
Ar	25.43939208984375	10.301700439453125	50.968935546875
Ar	21.15203369140625	46.241533203125	11.35413818359375
Ar	30.64028564453125	39.431376953125	51.9956884765625
Ar	26.99338623046875	22.0116650390625	8.321266479492188
Ar	23.663801269531252	25.21506591796875	32.42309814453125
Ar	25.851931152343752	14.990083007812501	24.202236328125
Ar	1.858955535888672	30.57656982421875	26.9414599609375
Ar	26.96339111328125	36.86729248046875	35.96147216796875
Ar	21.24061279296875	23.1531494140625	20.6251416015625
Ar	17.747574462890626	27.6878173828125	28.1635205078125
Ar	52.6660693359375	42.0573095703125	30.7930859375
Ar	36.13299560546875	29.23654052734375	22.66423583984375
Ar	33.59487060546875	21.78910888671875	29.47537109375
Ar	30.1398974609375	47.6771826171875	12.404061279296876
Ar	51.0391455078125	39.9061572265625	16.9126220703125
Ar	31.004130859375	35.59040283203125	46.81986328125
Ar	22.3131298828125	35.64293212890625	7.4939990234375005
Ar	29.84182373046875	47.1656591796875	37.2468701171875
Ar	45.0007080078125	40.02527587890625	21.1760595703125
Ar	23.2474560546875	14.709683837890625	44.4823681640625
Ar	27.543818359375	25.76296875	27.21185791015625
Ar	35.1828369140625	6.9468103027343755	36.991298828125004
Ar	20.79289794921875	27.47609619140625	32.3246875
Ar	36.36198974609375	30.05619873046875	35.07853271484375
Ar	41.82220703125	37.88225341796875	31.93163330078125
Ar	15.382989501953125	29.4041357421875	15.971114501953126
Ar	43.93943359375	26.8526904296875	54.4365087890625
Ar	26.41735107421875	28.90194091796875	22.33813232421875
Ar	37.5302001953125	33.12360595703125	29.69073974609375
Ar	28.512128906250002	12.69669189453125	16.782861328125
Ar	20.88608154296875	19.278333740234377	21.50858642578125
Ar	23.2334912109375	26.10995361328125	19.288983154296876
Ar	30.8478125	43.461318359375	34.868312988281254
Ar	38.49266845703125	39.48642333984375	30.99619384765625
Ar	23.137919921875	9.453633422851563	22.515661621093752
Ar	29.46242919921875	49.199956054687505	40.83232421875
Ar	37.24914794921875	27.10936279296875	37.0326513671875
Ar	43.830532226562504	42.3879736328125	30.891044921875
Ar	26.0537451171875	49.7548974609375	18.029232177734375
Ar	31.2229150390625	24.315869140625	31.68576904296875
Ar	48.4586767578125	32.8537646484375	32.02953857421875
Ar	36.122219238281254	20.2538232421875	35.1278076171875
Ar	33.39294677734375	33.06975341796875	25.4056640625
Ar	32.47015380859375	32.135390625	35.83402587890625
Ar	54.455595703125	33.73983642578125	42.950654296875
Ar	29.14415283203125	33.657587890625	36.272529296875

step 500
T = 95.79533
P = 1.1910754e-6
Ar	21.13850341796875	14.30513916015625	32.60296630859375
Ar	31.44348876953125	39.3169921875	41.1243212890625
Ar	41.896552734375	22.36362060546875	19.819412841796876
Ar	17.138898925781252	26.67696044921875	33.900517578125
Ar	28.125419921875	29.361948242187502	42.9129052734375
Ar	37.859033203125	27.33720703125	25.510603027343752
Ar	38.478447265625	33.92981201171875	35.50820068359375
Ar	26.017373046875	19.5913134765625	22.85015869140625
Ar	26.7250341796875	13.700623779296876	46.034970703125
Ar	39.58671875	13.645783691406251	24.039709472656252
Ar	30.40194580078125	25.71406982421875	42.3644775390625
Ar	45.3004296875	21.82187255859375	32.09617431640625
Ar	24.39525146484375	27.10180419921875	29.057722167968752
Ar	29.75775634765625	28.15443115234375	22.807412109375
Ar	37.320019531250004	24.282744140625	17.090035400390626
Ar	24.4854296875	30.4519091796875	31.90304931640625
Ar	17.804388427734377	33.237734375	33.46793701171875
Ar	46.677802734375	22.2943408203125	28.81850341796875
Ar	9.514570922851563	24.14053466796875	34.46253173828125
Ar	44.9179150390625	28.2731494140625	13.799959716796875
Ar	38.047880859375	21.335424804687502	24.9641796875
Ar	42.0180810546875	28.0692626953125	42.774311523437504
Ar	29.22990478515625	18.554512939453126	50.4053076171875
Ar	32.0956298828125	35.7459765625	18.54625244140625
Ar	15.92785888671875	38.6598828125	37.80211669921875
Ar	19.36876220703125	35.8026171875	14.3906201171875
Ar	27.475869140625	8.311651000976562	40.77336669921875
Ar	11.85625244140625	18.893154296875	25.01155517578125
Ar	35.0572509765625	23.16550048828125	23.85354248046875
Ar	33.19662353515625	19.697913818359375	32.5623046875
Ar	13.436732177734376	24.73629638671875	38.36459228515625
Ar	24.07851318359375	34.11974609375	32.4499267578125
Ar	36.0900732421875	57.401787109375	45.042900390625
Ar	26.58404296875	53.123505859375	13.24756591796875
Ar	25.850046386718752	39.329951171875	46.5077490234375
Ar	22.2486376953125	20.262845458984376	0.11044609069824218
Ar	30.38219970703125	43.6505078125	29.23767822265625
Ar	24.6446923828125	24.31921142578125	9.78005615234375
Ar	52.78818359375	36.52061767578125	27.692978515625
Ar	49.41955078125	19.475778808593752	26.44465576171875
Ar	29.807172851562502	36.3742138671875	38.7360986328125
Ar	35.485380859375	29.7919482421875	30.890878906250002
Ar	26.08941650390625	33.79369140625	55.7609326171875
Ar	29.573278808593752	50.3925244140625	27.078974609375
Ar	32.64341064453125	30.835764160156252	39.784077148437504
Ar	33.36056640625	27.1060400390625	23.46093017578125
Ar	23.9656005859375	23.03866455078125	23.190830078125
Ar	6.8258905029296875	1.5606002807617188	36.96807373046875
Ar	33.9309521484375	32.655908203125	29.19281005859375
Ar	44.4529296875	32.61383544921875	31.726301269531252
Ar	48.5064990234375	46.373623046875004	43.285068359375
Ar	0.9973825073242187	32.34384033203125	20.358309326171874
Ar	23.7851025390625	13.63963134765625	20.42449951171875
Ar	40.042866210937504	46.4077978515625	34.90058349609375
Ar	22.40947998046875	36.0726611328125	29.31009765625
Ar	17.59362060546875	19.29556640625	23.26647705078125
Ar	21.3016552734375	42.88302734375	29.006323242187502
Ar	4.553304138183594	32.9509912109375	21.77434814453125
Ar	32.80027099609375	16.762320556640624	21.7843310546875
Ar	16.34421630859375	41.6635986328125	26.2216259765625
Ar	43.149423828125	34.75787109375	26.10430419921875
Ar	16.648603515625002	45.7922265625	36.690639648437504
Ar	25.434775390625	10.379820556640626	51.0407177734375
Ar	21.138559570312502	46.1800830078125	11.386622314453126
Ar	30.4975048828125	39.432827148437504	51.9514306640625
Ar	26.9853857421875	21.950986328125	8.41576416015625
Ar	23.65277099609375	25.18259521484375	32.44302734375
Ar	25.89436767578125	15.106650390625001	24.22604248046875
Ar	2.0086567687988284	30.55341064453125	27.06336181640625
Ar	27.0469287109375	36.8428125	35.9253955078125
Ar	21.26806396484375	23.1697021484375	20.5965478515625
Ar	17.812681884765624	27.698271484375	28.12692138671875
Ar	52.7170654296875	42.076279296875	30.773818359375
Ar	36.12380859375	29.26009765625	22.59478271484375
Ar	33.67162109375	21.78909423828125	29.53471923828125
Ar	30.144018554687502	47.6364306640625	12.394486083984376
Ar	51.013867187500004	39.982099609375	16.98671630859375
Ar	30.958234863281252	35.592297363281254	46.84509765625
Ar	22.37586669921875	35.6216064453125	7.536415405273438
Ar	29.8137548828125	47.20166015625	37.2521240234375
Ar	45.0552099609375	40.082236328125	21.1792919921875
Ar	23.1655810546875	14.599375	44.41220703125
Ar	27.5031201171875	25.80462158203125	27.20940185546875
Ar	35.1854931640625	6.933359375	36.96964599609375
Ar	20.70971923828125	27.572861328125	32.20279296875
Ar	36.380993652343754	30.14177490234375	35.076845703125
Ar	41.917314453125	37.84626708984375	31.958955078125
Ar	15.395123291015626	29.4460302734375	15.959873046875
Ar	43.9639306640625	26.82190673828125	54.4541162109375
Ar	26.506455078125	28.99533203125	22.392988281250002
Ar	37.539753417968754	33.102109375	29.72087890625
Ar	28.45584228515625	12.628258056640625	16.80299072265625
Ar	20.929951171875	19.33986572265625	21.4845751953125
Ar	23.18991943359375	26.0871240234375	19.317941894531252
Ar	30.8433203125	43.365712890625	34.92092041015625
Ar	38.47001708984375	39.42797607421875	31.053049316406252
Ar	23.13545654296875	9.49662841796875	22.497197265625
Ar	29.49313720703125	49.265732421875	40.7775341796875
Ar	37.30758544921875	27.10385009765625	37.076740722656254
Ar	43.79880859375	42.349130859375	30.92538818359375
Ar	26.04873046875	49.875209960937504	18.007788085937502
Ar	31.26300048828125	24.383215332031252	31.720498046875
Ar	48.3385107421875	32.8072509765625	32.07231689453125
Ar	36.194660644531254	20.256611328125	35.0935986328125
Ar	33.34250732421875	33.06565673828125	25.42545654296875
Ar	32.4873486328125	32.06769775390625	35.78444580078125
Ar	54.3922802734375	33.673366699218754	42.860712890625
Ar	29.1618212890625	33.70273193359375	36.24783447265625

step 600
T = 100.34462
P = 1.1935936e-6
Ar	21.19264892578125	14.2516162109375	32.65496337890625
Ar	31.431791992187502	39.2668212890625	41.109570312500004
Ar	41.8573291015625	22.332236328125	19.821849365234375
Ar	17.02392822265625	26.73895751953125	33.9110595703125
Ar	28.095341796875	29.322734375	42.870449218750004
Ar	37.846569824218754	27.3031689453125	25.486435546875
Ar	38.45000732421875	33.928493652343754	35.58219970703125
Ar	26.05775146484375	19.53923583984375	22.8206640625
Ar	26.68558837890625	13.745645751953125	45.956386718750004
Ar	39.526826171875	13.70926513671875	24.15499267578125
Ar	30.50698974609375	25.69353271484375	42.3880517578125
Ar	45.356923828125	21.7203369140625	32.1411962890625
Ar	24.4352197265625	27.0185693359375	29.0306982421875
Ar	29.72959228515625	28.1455810546875	22.786396484375
Ar	37.29242919921875	24.32968994140625	16.975792236328125
Ar	24.44055908203125	30.38625732421875	31.91883544921875
Ar	17.66837646484375	33.26130615234375	33.52828369140625
Ar	46.722255859375004	22.27180908203125	28.73391845703125
Ar	9.588998413085937	24.1319921875	34.54429443359375
Ar	44.91591796875	28.331518554687502	13.8111865234375
Ar	38.064755859375	21.34787841796875	24.89564208984375
Ar	42.1277392578125	28.09792236328125	42.760478515625
Ar	29.23931640625	18.525164794921874	50.392597656250004
Ar	32.04402099609375	35.77351318359375	18.531119384765624
Ar	15.76628662109375	38.74105224609375	37.8725146484375
Ar	19.379998779296876	35.76628662109375	14.41898193359375
Ar	27.517133789062502	8.278936767578125	40.71507568359375
Ar	11.785367431640625	18.89430419921875	24.98322265625
Ar	35.260654296875	23.31676025390625	23.74890869140625
Ar	33.10729248046875	19.684664306640624	32.59873779296875
Ar	13.355511474609376	24.78651123046875	38.33061279296875
Ar	23.98438720703125	34.167216796875	32.42866455078125
Ar	36.0133154296875	57.3985693359375	45.06701171875
Ar	26.54374267578125	53.12859375	13.227799072265626
Ar	25.784792480468752	39.29319580078125	46.5573095703125
Ar	22.260107421875002	20.203271484375	0.08802567481994629
Ar	30.41865234375	43.659599609375	29.26881591796875
Ar	24.63435791015625	24.273564453125	9.788114624023438
Ar	52.700756835937504	36.56141845703125	27.78141357421875
Ar	49.394428710937504	19.467552490234375	26.37004150390625
Ar	29.71841064453125	36.45240234375	38.637104492187504
Ar	35.42541748046875	29.80154541015625	30.8571484375
Ar	26.07500732421875	33.93055908203125	55.6651708984375
Ar	29.5659423828125	50.443330078125	27.095773925781252
Ar	32.6643701171875	30.86115966796875	39.875195312500004
Ar	33.3002685546875	27.08809326171875	23.48040771484375
Ar	24.01986083984375	23.02041748046875	23.22774169921875
Ar	6.901317749023438	1.5296258544921875	37.01870849609375
Ar	33.99590576171875	32.6679931640625	29.26258056640625
Ar	44.465175781250004	32.64447509765625	31.49484619140625
Ar	48.41013671875	46.44572265625	43.19267578125
Ar	1.0499189758300782	32.35515869140625	20.32297607421875
Ar	23.7434765625	13.686223144531251	20.41751220703125
Ar	40.084326171875	46.4410888671875	34.97342041015625
Ar	22.34667236328125	36.032238769531254	29.36231689453125
Ar	17.502032470703124	19.27595947265625	23.31111328125
Ar	21.2733447265625	42.896923828125004	28.990366210937502
Ar	4.4188363647460935	32.98451171875	21.63711669921875
Ar	32.794990234375	16.754656982421874	21.7659228515625
Ar	16.315009765625	41.662128906250004	26.2303173828125
Ar	43.085859375	34.72917724609375	26.120974121093752
Ar	16.60935546875	45.8615478515625	36.801220703125004
Ar	25.49346435546875	10.3549658203125	50.9635400390625
Ar	21.13789306640625	46.1829052734375	11.297806396484376
Ar	30.51387939453125	39.50957763671875	51.996181640625004
Ar	26.982702636718752	21.97875244140625	8.3478125
Ar	23.69439453125	25.220373535156252	32.47401611328125
Ar	25.88356689453125	15.156278076171875	24.338515625
Ar	2.0882823181152346	30.5868701171875	27.00147216796875
Ar	27.0786279296875	36.788193359375	35.921181640625
Ar	21.18745361328125	23.2295751953125	20.649973144531252
Ar	17.882352294921876	27.669951171875	28.1452490234375
Ar	52.660380859375	42.11697265625	30.736975097656252
Ar	36.13371826171875	29.1489111328125	22.6237939453125
Ar	33.651882324218754	21.69863525390625	29.62571044921875
Ar	30.2728466796875	47.6273583984375	12.448487548828126
Ar	51.0698876953125	40.02052978515625	17.004400634765624
Ar	30.867685546875002	35.53162109375	46.926982421875
Ar	22.2942822265625	35.6209130859375	7.6016998291015625
Ar	29.800939941406252	47.226772460937504	37.18670166015625
Ar	45.0017529296875	40.064873046875	21.1575244140625
Ar	23.2605029296875	14.616575927734376	44.4073828125
Ar	27.49216796875	25.820227050781252	27.1876220703125
Ar	35.0993359375	6.8665283203125	37.0209765625
Ar	20.611486816406252	27.55942626953125	32.144184570312504
Ar	36.448750000000004	30.14178955078125	34.98668701171875
Ar	42.041333007812504	37.883515625	32.02415771484375
Ar	15.339991455078126	29.51630126953125	15.9889892578125
Ar	43.9123486328125	26.823645019531252	54.5631201171875
Ar	26.439855957031252	28.98670654296875	22.3544189453125
Ar	37.609736328125	33.07698974609375	29.66743896484375
Ar	28.4880712890625	12.659140625000001	16.794598388671876
Ar	20.94049072265625	19.42314453125	21.5136376953125
Ar	23.107370605468752	26.11615478515625	19.354085693359377
Ar	30.73322021484375	43.400361328125	34.9572119140625
Ar	38.48087646484375	39.50902099609375	30.95082275390625
Ar	23.1344775390625	9.464759521484375	22.4217138671875
Ar	29.60686767578125	49.306455078125	40.7739013671875
Ar	37.296528320312504	27.20955810546875	37.09731201171875
Ar	43.7938916015625	42.318984375	30.92576904296875
Ar	26.01573486328125	49.8336181640625	18.15677734375
Ar	31.143286132812502	24.35297119140625	31.6660693359375
Ar	48.330883789062504	32.64461669921875	32.072236328125
Ar	36.20164306640625	20.24704345703125	35.080708007812504
Ar	33.3435009765625	32.96376220703125	25.4724072265625
Ar	32.48237548828125	32.1473974609375	35.7733056640625
Ar	54.296982421875	33.69706298828125	42.874584960937504
Ar	29.17119140625	33.7822265625	36.1838427734375

step 700
T = 99.29263
P = 1.1930113e-6
Ar	21.17194091796875	14.262493896484376	32.68475341796875
Ar	31.40922119140625	39.2840380859375	41.1400830078125
Ar	41.8159423828125	22.369611816406252	19.742711181640626
Ar	16.986370849609376	26.76621337890625	33.79623291015625
Ar	28.03387451171875	29.31620361328125	42.8263232421875
Ar	37.80400634765625	27.27635986328125	25.3913916015625
Ar	38.403935546875	33.8763525390625	35.586254882812504
Ar	26.0376806640625	19.542628173828124	22.81275146484375
Ar	26.50920166015625	13.799700927734376	45.97208984375
Ar	39.555500488281254	13.579744873046875	24.1816015625
Ar	30.455637207031252	25.7248193359375	42.4190087890625
Ar	45.3651611328125	21.6729736328125	32.0772216796875
Ar	24.41969970703125	26.8926611328125	29.09701904296875
Ar	29.826574707031252	28.183779296875002	22.84478759765625
Ar	37.266872558593754	24.36869384765625	16.900054931640625
Ar	24.49498291015625	30.27633544921875	31.92042724609375
Ar	17.626104736328127	33.216484375	33.5765869140625
Ar	46.769521484375	22.3155126953125	28.64181396484375
Ar	9.5853564453125	24.15509521484375	34.563977050781254
Ar	44.980625	28.432111816406252	13.851044921875001
Ar	38.0324560546875	21.44025390625	24.96953125
Ar	42.098857421875	28.15084716796875	42.785703125
Ar	29.15017578125	18.490177001953125	50.36244140625
Ar	32.01091796875	35.78642578125	18.489351806640624
Ar	15.69894287109375	38.753447265625	37.84410400390625
Ar	19.4411572265625	35.781806640625	14.414747314453125
Ar	27.5932666015625	8.307848510742188	40.678798828125004
Ar	11.719185791015626	18.9057958984375	24.96648681640625
Ar	35.263564453125	23.17579833984375	23.6426953125
Ar	33.04235107421875	19.73698486328125	32.6116015625
Ar	13.415029296875	24.704538574218752	38.41002685546875
Ar	23.968134765625	34.29299072265625	32.3980517578125
Ar	36.10419677734375	57.383144531250004	45.081250000000004
Ar	26.53674072265625	53.033857421875	13.3297509765625
Ar	25.86391845703125	39.35358154296875	46.549892578125004
Ar	22.258818359375	20.201696777343752	0.11836088180541993
Ar	30.477453613281252	43.593251953125	29.345319824218752
Ar	24.63350341796875	24.413332519531252	9.853837890625
Ar	52.685009765625004	36.51128173828125	27.7522705078125
Ar	49.3222900390625	19.497789306640627	26.3235009765625
Ar	29.70025146484375	36.39064208984375	38.63053955078125
Ar	35.51564697265625	29.7098583984375	30.87885009765625
Ar	26.11945068359375	33.96216064453125	55.6793017578125
Ar	29.5561572265625	50.460771484375	27.03662109375
Ar	32.570217285156254	30.825009765625	39.86400146484375
Ar	33.323955078125	27.05524169921875	23.50558837890625
Ar	24.03348876953125	22.9455078125	23.27501220703125
Ar	6.876032104492188	1.5378436279296874	37.0846728515625
Ar	34.0009814453125	32.6760546875	29.21084228515625
Ar	44.449604492187504	32.66343017578125	31.43437744140625
Ar	48.5580078125	46.4512890625	43.208203125000004
Ar	1.0311414337158202	32.33635986328125	20.345621337890627
Ar	23.81003662109375	13.614615478515626	20.40275634765625
Ar	40.0912890625	46.4390185546875	34.97283447265625
Ar	22.347055664062502	35.98773681640625	29.2977197265625
Ar	17.5018212890625	19.242335205078124	23.31541748046875
Ar	21.24613525390625	42.9258984375	29.0614306640625
Ar	4.455184326171875	32.99096435546875	21.55183837890625
Ar	32.8325732421875	16.688563232421874	21.710642089843752
Ar	16.31461669921875	41.626430664062504	26.2838623046875
Ar	43.1572802734375	34.79686767578125	25.9774951171875
Ar	16.5478662109375	45.9546044921875	36.8367822265625
Ar	25.5623828125	10.30903076171875	50.90775390625
Ar	21.10411376953125	46.1405615234375	11.314541015625
Ar	30.49805908203125	39.53080322265625	52.009770507812505
Ar	26.9733203125	21.92494384765625	8.363501586914063
Ar	23.6205078125	25.18861328125	32.4652197265625
Ar	25.91865478515625	15.228861083984375	24.34928955078125
Ar	2.053872528076172	30.57293212890625	27.02248779296875
Ar	27.1012548828125	36.79268798828125	36.02587158203125
Ar	21.118085937500002	23.13885009765625	20.549609375
Ar	17.900699462890625	27.71697265625	28.122578125
Ar	52.6178076171875	42.20041015625	30.706464843750002
Ar	36.13824462890625	29.1557421875	22.55037109375
Ar	33.68544921875	21.6631591796875	29.5814697265625
Ar	30.15755126953125	47.7032958984375	12.45552490234375
Ar	51.101445312500005	40.0827197265625	17.0273974609375
Ar	30.8435546875	35.5291357421875	46.842666015625
Ar	22.251447753906252	35.609375	7.6254052734375
Ar	29.802080078125	47.2102734375	37.1066748046875
Ar	45.0047314453125	40.1208203125	21.2886474609375
Ar	23.2030810546875	14.568272705078126	44.446171875
Ar	27.589819335937502	25.867119140625	27.1694287109375
Ar	34.779716796875	6.747048950195313	37.181240234375004
Ar	20.60351806640625	27.614206542968752	32.1146728515625
Ar	36.4861279296875	30.1202099609375	34.95441162109375
Ar	42.078046875	37.8902197265625	32.03423583984375
Ar	15.219776611328125	29.52951416015625	15.954019775390625
Ar	43.894604492187504	26.906381835937502	54.512539062500004
Ar	26.418825683593752	29.06725341796875	22.34960693359375
Ar	37.7176416015625	33.06109375	29.5948095703125
Ar	28.582724609375	12.656156005859375	16.831656494140624
Ar	20.91882080078125	19.440858154296876	21.4405859375
Ar	23.12467529296875	26.1519775390625	19.281190185546876
Ar	30.62849365234375	43.3344189453125	34.902265625
Ar	38.494453125	39.55467529296875	30.970861816406252
Ar	23.089013671875	9.587147827148438	22.30033203125
Ar	29.70638427734375	49.245888671875	40.84442626953125
Ar	37.30907958984375	27.20711669921875	37.07837646484375
Ar	43.9049609375	42.2748486328125	30.896459960937502
Ar	26.0063330078125	49.8831689453125	18.118114013671875
Ar	31.04281005859375	24.321259765625	31.64724365234375
Ar	48.4801416015625	32.74714599609375	32.05024658203125
Ar	36.113842773437504	20.203616943359375	35.1826806640625
Ar	33.38803466796875	32.943020019531254	25.54222412109375
Ar	32.4649462890625	32.181533203125	35.8080322265625
Ar	54.2731396484375	33.75471435546875	42.8997900390625
Ar	29.186594238281252	33.80139892578125	36.1774169921875

step 800
T = 97.90472
P = 1.1922431e-6
Ar	21.191025390625	14.260030517578125	32.594204101562504
Ar	31.51748046875	39.3439404296875	41.181162109375
Ar	41.862861328125	22.401254882812502	19.6447802734375
Ar	16.967242431640624	26.789990234375	33.82237060546875
Ar	28.0106591796875	29.29262939453125	42.736220703125
Ar	37.7748486328125	27.29880859375	25.51755126953125
Ar	38.480263671875	33.892724609375	35.5356591796875
Ar	26.08842041015625	19.528201904296875	22.91534423828125
Ar	26.474853515625	13.81083740234375	46.027587890625
Ar	39.5201220703125	13.498367919921876	24.13751220703125
Ar	30.48608154296875	25.682321777343752	42.5442431640625
Ar	45.3944677734375	21.80886474609375	32.1594677734375
Ar	24.361250000000002	26.857666015625	29.111127929687502
Ar	29.8651513671875	28.214287109375	22.8293310546875
Ar	37.25697265625	24.308251953125	16.92324951171875
Ar	24.595441894531252	30.3219775390625	31.950205078125002
Ar	17.659638671875	33.2422998046875	33.4759521484375
Ar	46.7422509765625	22.287851562500002	28.61239990234375
Ar	9.568805541992187	24.09918212890625	34.49193359375
Ar	44.96201171875	28.3919970703125	13.926529541015626
Ar	38.10946044921875	21.42924560546875	24.95489501953125
Ar	42.10560546875	28.12769775390625	42.73103515625
Ar	29.17174560546875	18.51979248046875	50.258642578125
Ar	31.918193359375	35.80544189453125	18.45619873046875
Ar	15.664504394531251	38.7814404296875	37.937763671875004
Ar	19.46141845703125	35.81750244140625	14.464384765625
Ar	27.61082763671875	8.337769775390624	40.620927734375
Ar	11.809443359375	18.770443115234375	24.953154296875
Ar	35.2516943359375	23.22163818359375	23.57297119140625
Ar	33.0522509765625	19.825177001953126	32.6658984375
Ar	13.424700927734376	24.7336279296875	38.37017578125
Ar	23.8671435546875	34.23646484375	32.428730468750004
Ar	36.03880615234375	57.5303564453125	45.08052734375
Ar	26.58781982421875	52.978222656250004	13.295686035156251
Ar	25.882429199218752	39.33710205078125	46.5414599609375
Ar	22.26821044921875	20.211810302734374	0.11537468910217286
Ar	30.444826660156252	43.5642333984375	29.3462841796875
Ar	24.60151611328125	24.459963378906252	9.897561645507812
Ar	52.6031103515625	36.4809814453125	27.7676513671875
Ar	49.309086914062505	19.590111083984375	26.3426318359375
Ar	29.73583984375	36.35134765625	38.6372216796875
Ar	35.42723388671875	29.7172021484375	30.8847607421875
Ar	26.16921630859375	33.9853076171875	55.60134765625
Ar	29.54822998046875	50.5395263671875	26.98996337890625
Ar	32.59391357421875	30.8997314453125	39.82548583984375
Ar	33.25671875	27.1172900390625	23.57722900390625
Ar	24.002871093750002	22.9403564453125	23.110883789062502
Ar	6.889346313476563	1.520302276611328	36.99774658203125
Ar	33.95729736328125	32.6673828125	29.239853515625
Ar	44.422431640625	32.6367724609375	31.45229248046875
Ar	48.4862646484375	46.414140625	43.245146484375
Ar	0.997783432006836	32.3400244140625	20.309674072265626
Ar	23.837275390625	13.582569580078125	20.452032470703127
Ar	39.94950927734375	46.405576171875	34.96698974609375
Ar	22.2599072265625	35.98270263671875	29.1848876953125
Ar	17.522252197265626	19.156331787109377	23.27935302734375
Ar	21.22717041015625	42.95123046875	29.13629638671875
Ar	4.492462158203125	32.9891064453125	21.5417724609375
Ar	32.87284423828125	16.619300537109375	21.6660498046875
Ar	16.302988281250002	41.6332470703125	26.271435546875
Ar	43.1589892578125	34.73923583984375	25.943029785156252
Ar	16.565821533203124	46.0218896484375	36.78436279296875
Ar	25.604311523437502	10.376683349609376	50.90228515625
Ar	21.1528271484375	46.2454833984375	11.225020751953124
Ar	30.533579101562502	39.60957275390625	52.076875
Ar	26.93655517578125	21.92704833984375	8.357387084960937
Ar	23.6519140625	25.21326904296875	32.53663330078125
Ar	25.9132666015625	15.21544677734375	24.24037109375
Ar	2.1116256713867188	30.531845703125	26.985903320312502
Ar	27.1676611328125	36.7159033203125	35.88689453125
Ar	21.12107177734375	23.232783203125	20.4825927734375
Ar	17.932379150390627	27.768164062500002	28.06498779296875
Ar	52.589497070312504	42.144521484375	30.70601318359375
Ar	36.212612304687504	29.14651611328125	22.563452148437502
Ar	33.600380859375	21.6394287109375	29.56198974609375
Ar	30.20947265625	47.6662744140625	12.533612060546876
Ar	51.0599951171875	40.20796875	16.956281738281252
Ar	30.84016357421875	35.5483447265625	46.897041015625
Ar	22.17363525390625	35.66638671875	7.692374877929688
Ar	29.777705078125	47.18802734375	37.0778759765625
Ar	44.9146875	40.13596435546875	21.40171142578125
Ar	23.2140576171875	14.533294677734375	44.5143896484375
Ar	27.57194580078125	25.8649609375	27.159951171875
Ar	34.753154296875	6.798866577148438	37.1840283203125
Ar	20.62902099609375	27.63118408203125	32.0751171875
Ar	36.4883203125	30.09138671875	34.8959423828125
Ar	42.011279296875	37.87612060546875	31.99924560546875
Ar	15.255881347656251	29.55339599609375	15.983209228515625
Ar	43.952119140625	26.9513720703125	54.4760546875
Ar	26.3857568359375	29.104929199218752	22.386572265625002
Ar	37.730427246093754	33.05607421875	29.602609863281252
Ar	28.63760009765625	12.658967285156251	16.8592578125
Ar	20.90087646484375	19.469893798828124	21.49109619140625
Ar	23.1382080078125	26.110576171875	19.297320556640624
Ar	30.64220703125	43.310556640625	34.921833496093754
Ar	38.480671386718754	39.575712890625	30.892021484375
Ar	23.12515625	9.600542602539063	22.27978759765625
Ar	29.777780761718752	49.2093603515625	40.8076611328125
Ar	37.28965576171875	27.20343505859375	37.12925537109375
Ar	43.963515625	42.176015625	30.7820751953125
Ar	25.9822998046875	49.952333984375	18.171297607421874
Ar	31.0864599609375	24.3299365234375	31.611174316406252
Ar	48.56279296875	32.8169970703125	32.11387451171875
Ar	36.22265625	20.208514404296874	35.1114892578125
Ar	33.32311767578125	32.82824951171875	25.570146484375
Ar	32.570454101562504	32.2990283203125	35.86305419921875
Ar	54.34537109375	33.68673828125	42.86759765625
Ar	29.16393798828125	33.78536865234375	36.1487841796875

step 900
T = 104.457466
P = 1.1958701e-6
Ar	21.1574560546875	14.21640380859375	32.5881982421875
Ar	31.54905029296875	39.34526123046875	41.11505859375
Ar	41.74896484375	22.42198486328125	19.5949853515625
Ar	16.961790771484374	26.76319091796875	33.838039550781254
Ar	27.96041748046875	29.376813964843752	42.780224609375004
Ar	37.87179443359375	27.3113037109375	25.554443359375
Ar	38.492214355468754	33.89491943359375	35.51543212890625
Ar	26.13419677734375	19.562127685546876	22.865966796875
Ar	26.53898193359375	13.811583251953126	46.0215087890625
Ar	39.54344482421875	13.384583740234376	24.17015869140625
Ar	30.546118164062502	25.72030029296875	42.517470703125
Ar	45.38931640625	21.8702880859375	32.2147802734375
Ar	24.2746728515625	26.76617919921875	29.15464111328125
Ar	29.832783203125	28.259897460937502	22.81514404296875
Ar	37.2524169921875	24.336523437500002	16.916513671875002
Ar	24.658671875	30.2829052734375	31.94802978515625
Ar	17.64726318359375	33.220478515625004	33.4241357421875
Ar	46.635302734375	22.27211669921875	28.5816357421875
Ar	9.49525390625	24.0644580078125	34.4961328125
Ar	44.9341259765625	28.3577197265625	13.88903564453125
Ar	38.218884277343754	21.396943359375	25.07520751953125
Ar	42.181845703125	28.01736083984375	42.7115380859375
Ar	29.26654052734375	18.536917724609374	50.2623046875
Ar	31.99619384765625	35.765820312500004	18.505390625
Ar	15.649356689453125	38.83212646484375	37.88188720703125
Ar	19.432568359375	35.8574072265625	14.30458984375
Ar	27.609113769531252	8.32260498046875	40.598645019531254
Ar	11.802340087890625	18.806944580078124	24.87019287109375
Ar	35.24137451171875	23.243701171875	23.600849609375
Ar	33.071132812500004	19.75851318359375	32.673251953125
Ar	13.423389892578125	24.6367431640625	38.3778173828125
Ar	23.915354003906252	34.2398974609375	32.37712646484375
Ar	36.022998046875	57.48416015625	45.1097021484375
Ar	26.64921142578125	52.941572265625	13.291895751953126
Ar	25.9134814453125	39.331677246093754	46.57794921875
Ar	22.207109375	20.222740478515625	0.1300265121459961
Ar	30.482041015625	43.598530273437504	29.3000146484375
Ar	24.51760986328125	24.41278076171875	9.924531860351562
Ar	52.68931640625	36.50132568359375	27.879326171875
Ar	49.2332763671875	19.73171630859375	26.38490478515625
Ar	29.688642578125002	36.39121337890625	38.69548828125
Ar	35.4417626953125	29.685751953125	30.889755859375
Ar	26.058701171875	33.95743408203125	55.74142578125
Ar	29.56584228515625	50.3889111328125	27.036386718750002
Ar	32.57391845703125	30.91654541015625	39.9458349609375
Ar	33.2468359375	27.1260986328125	23.52214111328125
Ar	24.06797119140625	22.93395263671875	23.070566406250002
Ar	6.959882202148438	1.5482637023925783	36.99264404296875
Ar	33.848740234375	32.651821289062504	29.24544921875
Ar	44.520888671875	32.589140625	31.48103759765625
Ar	48.5538720703125	46.3566455078125	43.2146826171875
Ar	0.9600887298583984	32.35225830078125	20.37474853515625
Ar	23.75290771484375	13.548892822265625	20.560617675781252
Ar	39.9000146484375	46.3453955078125	35.01278564453125
Ar	22.16717529296875	35.993251953125004	29.2234814453125
Ar	17.493729248046876	19.1028662109375	23.284736328125
Ar	21.1157763671875	42.9715478515625	29.1519091796875
Ar	4.408177795410157	33.03548583984375	21.49312744140625
Ar	32.827158203125	16.521656494140625	21.713117675781252
Ar	16.1238134765625	41.6167578125	26.2921435546875
Ar	43.182202148437504	34.7967236328125	25.9773193359375
Ar	16.531951904296875	46.060302734375	36.745322265625
Ar	25.67826416015625	10.363851318359375	50.9818359375
Ar	21.15972900390625	46.238134765625	11.21338623046875
Ar	30.4855859375	39.6428515625	52.0532763671875
Ar	26.89475341796875	21.922495117187502	8.29820068359375
Ar	23.63791748046875	25.199289550781252	32.5380322265625
Ar	25.92858642578125	15.159559326171875	24.24879150390625
Ar	2.161388244628906	30.63064697265625	26.9645458984375
Ar	26.97390625	36.75495849609375	35.834814453125
Ar	21.16036865234375	23.2050390625	20.470418701171877
Ar	17.998978271484376	27.7212255859375	28.07602294921875
Ar	52.570888671875004	42.1490966796875	30.7615478515625
Ar	36.30203857421875	29.1083837890625	22.647373046875
Ar	33.57794921875	21.5955419921875	29.53455322265625
Ar	30.18951904296875	47.7579833984375	12.5800537109375
Ar	51.050014648437504	40.27514892578125	17.01338623046875
Ar	30.8474267578125	35.53990234375	46.888994140625
Ar	22.13838623046875	35.69147705078125	7.724342041015626
Ar	29.7555810546875	47.2165673828125	37.0973828125
Ar	44.8791796875	40.20470458984375	21.444860839843752
Ar	23.15054443359375	14.519105224609376	44.6225390625
Ar	27.61277099609375	25.837119140625	27.12905029296875
Ar	34.7643310546875	6.913053588867188	37.151728515625
Ar	20.47805419921875	27.77395751953125	32.12111083984375
Ar	36.4561181640625	30.1654443359375	34.89493896484375
Ar	42.040458984375	37.80677734375	31.99346923828125
Ar	15.22602783203125	29.4701611328125	16.046248779296874
Ar	44.0028857421875	26.930048828125	54.4667724609375
Ar	26.33673095703125	29.1483837890625	22.34572998046875
Ar	37.70578369140625	33.038125	29.667001953125002
Ar	28.561337890625	12.655213623046876	16.910980224609375
Ar	20.89839111328125	19.371436767578125	21.42765869140625
Ar	23.13253662109375	26.158037109375	19.27176025390625
Ar	30.66904052734375	43.2923046875	34.89545654296875
Ar	38.4942041015625	39.58259033203125	30.8591552734375
Ar	23.1794970703125	9.57620361328125	22.220546875
Ar	29.701235351562502	49.09201171875	40.72843017578125
Ar	37.25560302734375	27.29163818359375	37.214870605468754
Ar	43.9393408203125	42.2768701171875	30.79737548828125
Ar	25.9936376953125	50.0257275390625	18.137149658203125
Ar	31.04758544921875	24.34548828125	31.6784033203125
Ar	48.519775390625	32.82618896484375	32.115546875
Ar	36.15879150390625	20.193326416015626	34.971279296875004
Ar	33.348359375	32.78077880859375	25.612939453125
Ar	32.53542236328125	32.29500732421875	35.89178466796875
Ar	54.247734375	33.620144042968754	42.7405810546875
Ar	29.2321435546875	33.70556640625	36.14203857421875

step 1000
T = 102.751816
P = 1.1949261e-6
Ar	21.10934814453125	14.274678955078125	32.6250537109375
Ar	31.55236328125	39.39302978515625	41.043388671875
Ar	41.6856640625	22.356359863281252	19.561904296875
Ar	16.93475341796875	26.82232421875	33.75337890625
Ar	27.9534619140625	29.30755615234375	42.7375537109375
Ar	37.84058349609375	27.35310302734375	25.625402832031252
Ar	38.41318115234375	33.97228515625	35.488598632812504
Ar	26.04922607421875	19.512366943359375	22.891489257812502
Ar	26.531313476562502	13.70330078125	46.0566357421875
Ar	39.44182373046875	13.40732421875	24.13640625
Ar	30.5204052734375	25.70568115234375	42.4587646484375
Ar	45.322094726562504	21.8592822265625	32.2449755859375
Ar	24.222692871093752	26.74578369140625	29.11836669921875
Ar	29.84438232421875	28.29944580078125	22.91501708984375
Ar	37.29748046875	24.38076904296875	16.902818603515627
Ar	24.6982666015625	30.19045166015625	32.066791992187504
Ar	17.57330322265625	33.14759033203125	33.28655517578125
Ar	46.642705078125	22.22384033203125	28.543818359375
Ar	9.491688232421875	24.1672607421875	34.45181884765625
Ar	44.940502929687504	28.46914794921875	13.72531494140625
Ar	38.23335205078125	21.31529296875	25.08816162109375
Ar	42.023916015625	28.08843994140625	42.6701953125
Ar	29.20440673828125	18.573636474609376	50.30287109375
Ar	31.89583251953125	35.7177099609375	18.468786621093752
Ar	15.629573974609375	38.75201171875	37.8199755859375
Ar	19.395438232421874	35.8976416015625	14.329001464843751
Ar	27.627363281250002	8.333499145507812	40.596416015625
Ar	11.724884033203125	18.76471435546875	24.714147949218752
Ar	35.258662109375	23.1905078125	23.6189453125
Ar	33.09012939453125	19.7585302734375	32.662041015625
Ar	13.35785888671875	24.6486279296875	38.3313427734375
Ar	23.97353515625	34.16603759765625	32.41542724609375
Ar	36.12447509765625	57.4414404296875	45.024624023437504
Ar	26.71638427734375	53.0353076171875	13.171134033203126
Ar	25.94610107421875	39.321015625	46.5851513671875
Ar	22.249560546875	20.264410400390627	0.16227405548095702
Ar	30.4635009765625	43.62162109375	29.24410888671875
Ar	24.551096191406252	24.4195068359375	10.039816284179688
Ar	52.655869140625	36.4907080078125	27.89352294921875
Ar	49.144521484375	19.734483642578127	26.433210449218752
Ar	29.6782373046875	36.41257080078125	38.6864990234375
Ar	35.41173828125	29.79049560546875	30.830270996093752
Ar	26.044189453125	33.9857177734375	55.7464306640625
Ar	29.574345703125	50.2857958984375	26.96254638671875
Ar	32.5584521484375	30.98177490234375	39.992214355468754
Ar	33.26658935546875	27.19017333984375	23.61124755859375
Ar	24.075517578125	22.97591796875	23.1540380859375
Ar	6.948016357421875	1.5266458129882814	36.986181640625
Ar	33.82670166015625	32.64112548828125	29.2848974609375
Ar	44.5296630859375	32.49205322265625	31.555478515625
Ar	48.496513671875	46.37390625	43.2143310546875
Ar	0.8955616760253906	32.334892578125	20.354520263671876
Ar	23.699506835937502	13.5157666015625	20.5499462890625
Ar	39.89159423828125	46.304829101562504	35.081787109375
Ar	22.175390625000002	36.042890625	29.17611083984375
Ar	17.56421630859375	19.272696533203124	23.33847900390625
Ar	21.0391259765625	42.9263916015625	29.110849609375002
Ar	4.393400573730469	33.11115966796875	21.420270996093752
Ar	32.860187988281254	16.57838134765625	21.745517578125
Ar	16.076226806640626	41.4950927734375	26.34340087890625
Ar	43.20173828125	34.71613037109375	26.060322265625
Ar	16.534625244140624	46.0909130859375	36.702663574218754
Ar	25.56932861328125	10.385906982421876	50.9922509765625
Ar	21.09544677734375	46.2872216796875	11.143995361328125
Ar	30.4853466796875	39.641728515625	52.0204638671875
Ar	26.8685546875	21.96044189453125	8.299119873046875
Ar	23.61122802734375	25.1160888671875	32.35619384765625
Ar	25.96074462890625	15.150675048828125	24.246401367187502
Ar	2.1700032043457034	30.6064697265625	27.054018554687502
Ar	26.9369140625	36.71962646484375	35.782971191406254
Ar	21.177109375	23.247705078125	20.57552490234375
Ar	17.932373046875	27.758405761718752	28.077524414062502
Ar	52.64111328125	42.1926220703125	30.6378564453125
Ar	36.3442919921875	28.984411621093752	22.566494140625
Ar	33.62500244140625	21.52619140625	29.53951904296875
Ar	30.179785156250002	47.70583984375	12.54658447265625
Ar	51.1009423828125	40.1288525390625	17.024790039062502
Ar	30.7820556640625	35.6189501953125	46.8331787109375
Ar	22.2233203125	35.6822216796875	7.639134521484375
Ar	29.74218017578125	47.2254931640625	37.07709228515625
Ar	44.8509423828125	40.2030517578125	21.45742919921875
Ar	23.1898681640625	14.42731689453125	44.638212890625
Ar	27.62410888671875	25.956918945312502	27.10033203125
Ar	34.7467578125	6.972455444335938	37.16616943359375
Ar	20.499248046875	27.76568115234375	32.16279541015625
Ar	36.434189453125	30.28702880859375	34.95152099609375
Ar	42.034462890625	37.78435302734375	31.987985839843752
Ar	15.258750000000001	29.50439208984375	16.05843994140625
Ar	43.9592822265625	26.956430664062502	54.5355224609375
Ar	26.2915966796875	29.150419921875	22.40982421875
Ar	37.73137451171875	33.031643066406254	29.60949462890625
Ar	28.5289111328125	12.681571044921876	16.899521484375
Ar	20.9272412109375	19.356866455078126	21.47078369140625
Ar	23.101435546875	26.026318359375	19.285478515625
Ar	30.6963720703125	43.2902880859375	34.9625537109375
Ar	38.5654931640625	39.591877441406254	30.94655029296875
Ar	22.9950537109375	9.656227416992188	22.24781494140625
Ar	29.61808837890625	49.1085888671875	40.81719482421875
Ar	37.3097900390625	27.32379150390625	37.2307177734375
Ar	43.9324169921875	42.244838867187504	30.82709228515625
Ar	26.11324951171875	49.84095703125	18.26432373046875
Ar	30.98661865234375	24.2908837890625	31.660124511718752
Ar	48.4263671875	32.89697509765625	32.01068359375
Ar	36.13413818359375	20.201452636718752	34.898828125
Ar	33.40403076171875	32.838935546875	25.6312451171875
Ar	32.6380419921875	32.23405517578125	35.82648681640625
Ar	54.192275390625	33.61671142578125	42.741689453125
Ar	29.055158691406252	33.61935302734375	36.13
