
Stepsize =  1.0 fs
Thermostat = Andersen
Target Temperature = 100.0 K
Starting Temperature = 104.2811 K
Ar	0.0	0.0	0.0
Ar	0.0	0.0	4.4
Ar	0.0	0.0	8.8
Ar	0.0	0.0	13.200000000000001
Ar	0.0	0.0	17.6
Ar	0.0	4.4	0.0
Ar	0.0	4.4	4.4
Ar	0.0	4.4	8.8
Ar	0.0	4.4	13.200000000000001
Ar	0.0	4.4	17.6
Ar	0.0	8.8	0.0
Ar	0.0	8.8	4.4
Ar	0.0	8.8	8.8
Ar	0.0	8.8	13.200000000000001
Ar	0.0	8.8	17.6
Ar	0.0	13.200000000000001	0.0
Ar	0.0	13.200000000000001	4.4
Ar	0.0	13.200000000000001	8.8
Ar	0.0	13.200000000000001	13.200000000000001
Ar	0.0	13.200000000000001	17.6
Ar	0.0	17.6	0.0
Ar	0.0	17.6	4.4
Ar	0.0	17.6	8.8
Ar	0.0	17.6	13.200000000000001
Ar	0.0	17.6	17.6
Ar	4.4	0.0	0.0
Ar	4.4	0.0	4.4
Ar	4.4	0.0	8.8
Ar	4.4	0.0	13.200000000000001
Ar	4.4	0.0	17.6
Ar	4.4	4.4	0.0
Ar	4.4	4.4	4.4
Ar	4.4	4.4	8.8
Ar	4.4	4.4	13.200000000000001
Ar	4.4	4.4	17.6
Ar	4.4	8.8	0.0
Ar	4.4	8.8	4.4
Ar	4.4	8.8	8.8
Ar	4.4	8.8	13.200000000000001
Ar	4.4	8.8	17.6
Ar	4.4	13.200000000000001	0.0
Ar	4.4	13.200000000000001	4.4
Ar	4.4	13.200000000000001	8.8
Ar	4.4	13.200000000000001	13.200000000000001
Ar	4.4	13.200000000000001	17.6
Ar	4.4	17.6	0.0
Ar	4.4	17.6	4.4
Ar	4.4	17.6	8.8
Ar	4.4	17.6	13.200000000000001
Ar	4.4	17.6	17.6
Ar	8.8	0.0	0.0
Ar	8.8	0.0	4.4
Ar	8.8	0.0	8.8
Ar	8.8	0.0	13.200000000000001
Ar	8.8	0.0	17.6
Ar	8.8	4.4	0.0
Ar	8.8	4.4	4.4
Ar	8.8	4.4	8.8
Ar	8.8	4.4	13.200000000000001
Ar	8.8	4.4	17.6
Ar	8.8	8.8	0.0
Ar	8.8	8.8	4.4
Ar	8.8	8.8	8.8
Ar	8.8	8.8	13.200000000000001
Ar	8.8	8.8	17.6
Ar	8.8	13.200000000000001	0.0
Ar	8.8	13.200000000000001	4.4
Ar	8.8	13.200000000000001	8.8
Ar	8.8	13.200000000000001	13.200000000000001
Ar	8.8	13.200000000000001	17.6
Ar	8.8	17.6	0.0
Ar	8.8	17.6	4.4
Ar	8.8	17.6	8.8
Ar	8.8	17.6	13.200000000000001
Ar	8.8	17.6	17.6
Ar	13.200000000000001	0.0	0.0
Ar	13.200000000000001	0.0	4.4
Ar	13.200000000000001	0.0	8.8
Ar	13.200000000000001	0.0	13.200000000000001
Ar	13.200000000000001	0.0	17.6
Ar	13.200000000000001	4.4	0.0
Ar	13.200000000000001	4.4	4.4
Ar	13.200000000000001	4.4	8.8
Ar	13.200000000000001	4.4	13.200000000000001
Ar	13.200000000000001	4.4	17.6
Ar	13.200000000000001	8.8	0.0
Ar	13.200000000000001	8.8	4.4
Ar	13.200000000000001	8.8	8.8
Ar	13.200000000000001	8.8	13.200000000000001
Ar	13.200000000000001	8.8	17.6
Ar	13.200000000000001	13.200000000000001	0.0
Ar	13.200000000000001	13.200000000000001	4.4
Ar	13.200000000000001	13.200000000000001	8.8
Ar	13.200000000000001	13.200000000000001	13.200000000000001
Ar	13.200000000000001	13.200000000000001	17.6
Ar	13.200000000000001	17.6	0.0
Ar	13.200000000000001	17.6	4.4
Ar	13.200000000000001	17.6	8.8
Ar	13.200000000000001	17.6	13.200000000000001
Ar	13.200000000000001	17.6	17.6
Ar	17.6	0.0	0.0
Ar	17.6	0.0	4.4
Ar	17.6	0.0	8.8
Ar	17.6	0.0	13.200000000000001
Ar	17.6	0.0	17.6
Ar	17.6	4.4	0.0
Ar	17.6	4.4	4.4
Ar	17.6	4.4	8.8
Ar	17.6	4.4	13.200000000000001
Ar	17.6	4.4	17.6
Ar	17.6	8.8	0.0
Ar	17.6	8.8	4.4
Ar	17.6	8.8	8.8
Ar	17.6	8.8	13.200000000000001
Ar	17.6	8.8	17.6
Ar	17.6	13.200000000000001	0.0
Ar	17.6	13.200000000000001	4.4
Ar	17.6	13.200000000000001	8.8
Ar	17.6	13.200000000000001	13.200000000000001
Ar	17.6	13.200000000000001	17.6
Ar	17.6	17.6	0.0
Ar	17.6	17.6	4.4
Ar	17.6	17.6	8.8
Ar	17.6	17.6	13.200000000000001
Ar	17.6	17.6	17.6

step 100
T = 103.14054
P = -4.2396456e-5
Ar	21.970251464843752	0.04095848083496094	21.95570068359375
Ar	0.062130732536315916	21.91353515625	4.394635009765625
Ar	0.022048063278198242	21.98577880859375	8.781705322265625
Ar	21.93714599609375	21.97164306640625	13.210989990234376
Ar	21.9187890625	21.83662353515625	17.523508300781252
Ar	0.02762277364730835	4.470603637695312	21.963662109375
Ar	21.92534423828125	4.510867919921875	4.270870361328125
Ar	0.019806329011917114	4.355260925292969	8.780360717773437
Ar	0.05780719757080078	4.324952392578125	13.18084228515625
Ar	21.982492675781252	4.348082885742188	17.67010986328125
Ar	0.0322841215133667	8.758051147460938	21.934152832031252
Ar	0.01219898223876953	8.899241943359375	4.477743530273438
Ar	0.10636676788330078	8.803284912109374	8.777697143554688
Ar	0.07221890449523925	8.801749267578126	13.2601171875
Ar	0.035373847484588626	8.7605224609375	17.5777734375
Ar	0.013061033487319946	13.173558349609376	0.057231144905090334
Ar	0.021371183395385743	13.217105712890625	4.368112182617188
Ar	21.91622314453125	13.201647949218751	8.870205688476563
Ar	0.13938425064086915	13.202666015625	13.214378662109375
Ar	21.97185546875	13.252106933593751	17.615128173828126
Ar	21.993974609375	17.71673828125	0.05135993480682373
Ar	0.0007877857238054275	17.515740966796876	4.454404296875
Ar	21.92219482421875	17.520272216796876	8.837612915039063
Ar	0.004956522881984711	17.5825439453125	13.192711181640625
Ar	0.1063415241241455	17.534097900390627	17.604014892578125
Ar	4.416016540527344	0.050884032249450685	21.9929248046875
Ar	4.307275695800781	21.939580078125	4.383170166015625
Ar	4.363759155273438	21.963911132812502	8.813056030273438
Ar	4.3393273925781255	0.000791015625	13.186358642578126
Ar	4.367698974609375	21.981943359375002	17.565355224609377
Ar	4.423040466308594	4.392600708007812	0.0768498706817627
Ar	4.386867065429688	4.4460317993164065	4.3821630859375
Ar	4.454553527832031	4.417878112792969	8.845001831054688
Ar	4.438276977539062	4.426310424804687	13.169359130859375
Ar	4.356907653808594	4.401226501464844	17.608060302734376
Ar	4.401782836914062	8.735057983398438	0.0401423978805542
Ar	4.329119567871094	8.730215454101563	4.384456481933594
Ar	4.361161193847656	8.790400390625	8.769664306640625
Ar	4.366829833984375	8.779601440429687	13.18734130859375
Ar	4.467371826171875	8.832444458007812	17.61111083984375
Ar	4.432373657226562	13.304859619140625	0.000390625
Ar	4.4788949584960935	13.224884033203125	4.42552001953125
Ar	4.377325134277344	13.03852783203125	8.809774780273438
Ar	4.34637451171875	13.11173828125	13.21360107421875
Ar	4.304149780273438	13.101883544921876	17.418607177734376
Ar	4.5207586669921875	17.74580810546875	0.049496850967407226
Ar	4.407588195800781	17.691468505859376	4.313668212890625
Ar	4.414968872070313	17.724320068359376	8.890707397460938
Ar	4.4128173828125	17.6687890625	13.215986328125
Ar	4.357825622558594	17.659952392578127	17.598575439453125
Ar	8.739430541992188	21.96279296875	0.0380260443687439
Ar	8.768499755859375	21.95984619140625	4.428856201171875
Ar	8.868147583007813	21.9347509765625	8.949653930664063
Ar	8.734555053710938	0.15865821838378907	13.195245361328125
Ar	8.833101196289062	0.05702917575836182	17.540313720703125
Ar	8.734213867187501	4.371684875488281	0.046225366592407224
Ar	8.628762817382812	4.362060546875	4.526322937011719
Ar	8.811336059570312	4.380729675292969	8.854351196289063
Ar	8.853054809570313	4.5010614013671875	13.32619873046875
Ar	8.819254150390625	4.255568237304687	17.609306640625
Ar	8.751221313476563	8.844063720703126	0.07863608360290528
Ar	8.835959472656251	8.79734619140625	4.428154296875
Ar	8.844801025390625	8.861129760742188	8.84989990234375
Ar	8.727662963867187	8.807021484375	13.193135986328125
Ar	8.803441772460937	8.757704467773438	17.63390625
Ar	8.671793823242188	13.171351318359376	0.0023266568779945376
Ar	8.856796264648438	13.128575439453126	4.402870178222656
Ar	8.885000610351563	13.249251708984374	8.764898071289062
Ar	8.73246826171875	13.274505615234375	13.195794677734375
Ar	8.864104614257812	13.17988525390625	17.631416015625
Ar	8.710288696289062	17.649458007812502	0.04068946838378906
Ar	8.796878662109375	17.636697998046877	4.432932739257812
Ar	8.76351806640625	17.623819580078127	8.735950317382812
Ar	8.77836181640625	17.534437255859377	13.295362548828125
Ar	8.830357666015626	17.54935546875	17.547952880859377
Ar	13.269208984375	21.93392822265625	0.013083194494247437
Ar	13.185989990234376	21.94997314453125	4.41837158203125
Ar	13.207880859375	0.10241509437561036	8.800823974609376
Ar	13.29562255859375	21.94173095703125	13.289166259765626
Ar	13.1728369140625	0.058230257034301756	17.62863037109375
Ar	13.26763916015625	4.397752380371094	0.026192340850830078
Ar	13.214349365234375	4.436910400390625	4.421144714355469
Ar	13.137806396484375	4.400026550292969	8.873965454101564
Ar	13.119222412109375	4.404281005859375	13.160928955078125
Ar	13.1715478515625	4.412249755859375	17.6933447265625
Ar	13.280174560546875	8.798204345703125	21.9839111328125
Ar	13.17641845703125	8.8166259765625	4.3956640625
Ar	13.185703125	8.799598388671875	8.774220581054688
Ar	13.152640380859376	8.745896606445312	13.2480322265625
Ar	13.113560791015626	8.723291625976563	17.6025732421875
Ar	13.21554443359375	13.20157958984375	0.11451776504516602
Ar	13.19412109375	13.1943603515625	4.454507751464844
Ar	13.17798095703125	13.204361572265626	8.855934448242188
Ar	13.197733154296875	13.163759765625	13.20511962890625
Ar	13.260991210937501	13.179532470703125	17.528531494140626
Ar	13.235238037109376	17.617868652343752	21.9702392578125
Ar	13.194542236328125	17.604720458984374	4.4671630859375
Ar	13.124967041015625	17.537236328125	8.789263916015626
Ar	13.22287841796875	17.566640625	13.113370361328125
Ar	13.2159716796875	17.539227294921876	17.638299560546876
Ar	17.55341064453125	0.03372713327407837	0.060431933403015135
Ar	17.519968261718752	21.98027587890625	4.481915588378906
Ar	17.525699462890625	21.90753173828125	8.796945190429687
Ar	17.65502197265625	0.1870420265197754	13.153387451171875
Ar	17.622593994140626	0.00959104835987091	17.6319140625
Ar	17.630245361328125	4.4933251953125	21.93822021484375
Ar	17.527491455078124	4.3278195190429685	4.319581604003907
Ar	17.59502197265625	4.5182186889648435	8.760244750976563
Ar	17.519365234375	4.45013427734375	13.09445556640625
Ar	17.608591308593752	4.3313531494140625	17.604775390625
Ar	17.598800048828124	8.903036499023438	0.024677283763885498
Ar	17.626822509765624	8.751273803710937	4.364045104980469
Ar	17.553231201171876	8.832089233398438	8.720777587890625
Ar	17.52844482421875	8.778009033203125	13.212679443359375
Ar	17.547730712890626	8.823187255859375	17.450943603515626
Ar	17.4538134765625	13.25826416015625	0.03890118598937988
Ar	17.554758300781252	13.26965087890625	4.3889553833007815
Ar	17.694710693359376	13.1825341796875	8.822537841796875
Ar	17.638559570312502	13.16027099609375	13.27394287109375
Ar	17.586429443359375	13.222760009765626	17.578892822265626
Ar	17.652109375000002	17.54589111328125	0.09039243698120117
Ar	17.6054150390625	17.5888623046875	4.326811218261719
Ar	17.63197265625	17.590977783203126	8.758061523437501
Ar	17.622066650390625	17.569432373046876	13.196865234375
Ar	17.627241210937502	17.672786865234375	17.590704345703127

step 200
T = 95.26939
P = -4.2488857e-5
Ar	21.9543017578125	0.07655846118927002	21.941687011718752
Ar	0.009729458093643189	21.919416503906252	4.438030395507813
Ar	21.9318017578125	0.15037918090820312	8.727745971679688
Ar	21.9367626953125	21.86019775390625	13.21164306640625
Ar	21.8710595703125	21.77466552734375	17.573164062500002
Ar	0.1528659152984619	4.464774169921875	21.886755371093752
Ar	21.90182373046875	4.5586669921875	4.206273803710937
Ar	0.05048365116119385	4.390859680175781	8.79841552734375
Ar	0.07933763980865478	4.40057373046875	13.176434326171876
Ar	0.01988308787345886	4.274088745117187	17.655100097656252
Ar	0.07421556949615479	8.752263793945312	21.913366699218752
Ar	0.14757555961608887	8.868523559570313	4.468354797363282
Ar	0.1386030101776123	8.780942993164063	8.71205078125
Ar	0.07973465442657471	8.835867919921876	13.323243408203126
Ar	0.05919312477111816	8.776509399414063	17.58279541015625
Ar	0.004863942265510559	13.08463623046875	0.01655499219894409
Ar	21.994033203125	13.20676513671875	4.3970666503906255
Ar	21.8901025390625	13.286539306640625	8.850579833984375
Ar	0.221337890625	13.19161376953125	13.233142089843751
Ar	21.91290283203125	13.27347412109375	17.692041015625
Ar	21.920725097656252	17.786092529296877	21.9997900390625
Ar	0.0952440357208252	17.480179443359376	4.4911083984375
Ar	21.92813232421875	17.474105224609374	8.840209350585937
Ar	21.95228759765625	17.549091796875	13.219822998046876
Ar	0.18651762008666992	17.53244384765625	17.5913671875
Ar	4.461148071289062	0.07080749034881592	21.9813623046875
Ar	4.3665795898437505	0.02782535791397095	4.381776428222657
Ar	4.372119140625	0.02000507593154907	8.910020751953125
Ar	4.397445373535156	21.96958984375	13.134512939453126
Ar	4.327610168457031	21.98965576171875	17.748665771484376
Ar	4.3758789062500005	4.392137145996094	0.007977509498596191
Ar	4.3902130126953125	4.4758349609375	4.3105557250976565
Ar	4.412525329589844	4.392557983398437	8.8144775390625
Ar	4.423301696777344	4.326109313964844	13.0748193359375
Ar	4.3091748046875	4.453995056152344	17.52525634765625
Ar	4.409918518066406	8.688468627929687	0.04825241565704346
Ar	4.377645874023438	8.633370361328126	4.41051513671875
Ar	4.321653137207031	8.734273071289063	8.836834716796876
Ar	4.363411560058593	8.82411376953125	13.186473388671875
Ar	4.46864990234375	8.920113525390626	17.699873046875002
Ar	4.422464904785157	13.323502197265626	0.046401472091674806
Ar	4.4847628784179685	13.205885009765625	4.389427795410156
Ar	4.383735046386719	12.9717431640625	8.785641479492188
Ar	4.320981750488281	13.096400146484376	13.234134521484375
Ar	4.217720947265625	13.158228759765626	17.312020263671876
Ar	4.513296508789063	17.804970703125	0.07708906650543212
Ar	4.318403930664062	17.581234130859375	4.246378784179687
Ar	4.471060180664063	17.737685546875	8.926417236328126
Ar	4.488943176269531	17.752586669921875	13.196324462890626
Ar	4.345363464355469	17.5886572265625	17.652813720703126
Ar	8.852102661132813	0.029770119190216066	0.1168720817565918
Ar	8.754410400390626	21.972998046875002	4.436466674804688
Ar	8.800010986328125	21.914091796875	9.009069213867187
Ar	8.814586791992188	0.18429922103881835	13.37744384765625
Ar	8.800433349609376	0.07366508483886719	17.546094970703127
Ar	8.72859375	4.289080810546875	21.964248046875
Ar	8.646136474609376	4.332800598144531	4.560684509277344
Ar	8.8263525390625	4.386989440917969	8.848653564453125
Ar	8.876155395507812	4.478035583496093	13.325679931640625
Ar	8.746616821289063	4.261178588867187	17.58776611328125
Ar	8.707180786132813	8.812240600585938	0.16809406280517578
Ar	8.805189819335938	8.8610302734375	4.328985290527344
Ar	8.81919189453125	8.83526611328125	8.7960107421875
Ar	8.748721923828125	8.745043945312501	13.194212646484376
Ar	8.820606079101562	8.7766796875	17.656116943359375
Ar	8.737363891601563	13.172911376953126	0.1461953353881836
Ar	8.726953735351563	13.157320556640625	4.518107299804687
Ar	8.920174560546876	13.314990234375001	8.790299072265626
Ar	8.801204833984375	13.26157470703125	13.145678710937501
Ar	8.81538330078125	13.23282470703125	17.543643798828125
Ar	8.748936767578126	17.703577880859374	21.97171875
Ar	8.729025268554688	17.605584716796876	4.40031494140625
Ar	8.774150390625	17.603238525390626	8.72130615234375
Ar	8.728924560546876	17.591251220703125	13.401981201171875
Ar	8.830499877929688	17.550306396484377	17.548570556640627
Ar	13.330533447265625	21.973251953125	0.017302387952804567
Ar	13.255128173828126	21.96777587890625	4.4359738159179685
Ar	13.131075439453125	0.16290361404418946	8.791124267578125
Ar	13.257774658203125	0.04389854431152344	13.324608154296875
Ar	13.14761962890625	0.16270639419555663	17.7144970703125
Ar	13.343404541015625	4.3912875366210935	0.027847821712493896
Ar	13.2228857421875	4.414127807617188	4.495539245605469
Ar	13.1498193359375	4.519427185058594	8.85734619140625
Ar	13.133177490234376	4.4272399902343755	13.13856201171875
Ar	13.162476806640626	4.4224395751953125	17.631727294921877
Ar	13.2881396484375	8.715147705078126	0.00567122220993042
Ar	13.178173828125	8.984678955078126	4.29758056640625
Ar	13.262359619140625	8.815265502929687	8.866378173828124
Ar	13.074254150390626	8.76220458984375	13.370552978515626
Ar	13.110871582031251	8.687617797851562	17.5319140625
Ar	13.249456787109375	13.208421630859375	0.04308520317077637
Ar	13.305941162109375	13.2683642578125	4.571907043457031
Ar	13.132005615234375	13.32359375	8.943363647460938
Ar	13.292928466796875	13.31572509765625	13.18662109375
Ar	13.248162841796875	13.215992431640625	17.500070800781252
Ar	13.3234521484375	17.661710205078126	21.9163330078125
Ar	13.339766845703124	17.651689453125	4.5370181274414065
Ar	13.170859375000001	17.5248486328125	8.63229736328125
Ar	13.2603125	17.61130615234375	13.133514404296875
Ar	13.169019775390625	17.555615234375	17.676688232421874
Ar	17.556954345703126	0.04645957946777344	0.028008718490600586
Ar	17.472169189453126	0.029701457023620606	4.353114318847656
Ar	17.524816894531252	21.94158447265625	8.764448852539063
Ar	17.56041259765625	0.16164051055908205	13.15522705078125
Ar	17.565506591796876	21.941503906250002	17.589151611328127
Ar	17.607581787109375	4.525851440429688	21.95687744140625
Ar	17.55151611328125	4.30212158203125	4.231056823730468
Ar	17.554046630859375	4.541833190917969	8.737327270507812
Ar	17.488150634765624	4.388250732421875	13.115009765625
Ar	17.572210693359377	4.410567932128906	17.60888671875
Ar	17.625283203125	8.821372070312501	0.011934357881546022
Ar	17.65345703125	8.856641235351562	4.416437072753906
Ar	17.605166015625	8.899292602539063	8.709371337890625
Ar	17.505631103515626	8.937783813476562	13.226470947265625
Ar	17.528707275390627	8.819964599609376	17.516170654296875
Ar	17.560452880859376	13.223392333984375	0.0942192554473877
Ar	17.507247314453124	13.369688720703126	4.392755737304688
Ar	17.7000390625	13.143720703125	8.836742553710938
Ar	17.620252685546877	13.234105224609376	13.310772705078126
Ar	17.614095458984377	13.199981689453125	17.57005615234375
Ar	17.652662353515627	17.514083251953124	0.04584746360778809
Ar	17.676666259765625	17.632176513671876	4.2701483154296875
Ar	17.713267822265625	17.6040185546875	8.85559814453125
Ar	17.6115673828125	17.463726806640626	13.172320556640626
Ar	17.694241943359376	17.6756201171875	17.654169921875

step 300
T = 101.875725
P = -4.2411302e-5
Ar	21.8901025390625	0.05816164016723633	21.86062255859375
Ar	21.974409179687502	21.961328125	4.46504150390625
Ar	21.98374267578125	0.07107736110687256	8.734798583984375
Ar	21.96503173828125	21.7689892578125	13.219608154296875
Ar	21.926862792968752	21.70562744140625	17.517552490234376
Ar	0.09990675926208496	4.488714599609375	21.83733642578125
Ar	21.934501953125	4.515606384277344	4.215969848632812
Ar	0.19814935684204102	4.352464599609375	8.83230712890625
Ar	0.09533465385437012	4.5829010009765625	13.225423583984375
Ar	0.006786123514175416	4.307920227050781	17.6375634765625
Ar	0.011293390989303589	8.73518310546875	0.00014892578125
Ar	0.12358651161193848	9.000388183593751	4.457056579589844
Ar	0.08600528717041016	8.7269287109375	8.60562744140625
Ar	0.06749333381652832	8.81162109375	13.347200927734375
Ar	21.9121337890625	8.841146240234375	17.58718017578125
Ar	21.9627587890625	13.074522705078126	21.97626953125
Ar	0.06026233673095703	13.29045166015625	4.317157592773437
Ar	0.008462672233581544	13.241303710937501	8.896875610351563
Ar	0.1619224739074707	13.175762939453126	13.29850830078125
Ar	21.86693603515625	13.307957763671876	17.643851318359374
Ar	21.92347900390625	17.79704345703125	0.09339705467224121
Ar	0.08439592361450196	17.440401611328124	4.533587646484375
Ar	21.94181884765625	17.456688232421875	8.835844116210938
Ar	21.970434570312502	17.554908447265625	13.16145263671875
Ar	0.29272142410278323	17.5564599609375	17.613843994140627
Ar	4.468990783691407	0.09389235496520996	0.04916097164154053
Ar	4.382277526855469	0.1823122787475586	4.396162719726562
Ar	4.4258944702148435	0.062082123756408696	8.898705444335938
Ar	4.3463232421875	21.8313525390625	13.193643798828125
Ar	4.308408203125	21.92534423828125	17.805524902343752
Ar	4.371830444335938	4.389218139648437	0.008212393522262574
Ar	4.3553768920898435	4.4497998046875	4.348283081054688
Ar	4.478782348632812	4.434671325683594	8.87322998046875
Ar	4.5212945556640625	4.354313659667969	12.9340185546875
Ar	4.293336791992187	4.338999633789062	17.442772216796875
Ar	4.472333068847656	8.783795166015626	0.061505637168884277
Ar	4.427788391113281	8.55950439453125	4.4537045288085935
Ar	4.372700805664063	8.7526953125	8.889340209960938
Ar	4.388419494628907	8.892215576171875	13.190037841796876
Ar	4.637445983886719	8.954617919921875	17.780394287109374
Ar	4.32689453125	13.273408203125001	0.12274750709533691
Ar	4.617015686035156	13.218037109375	4.333666381835938
Ar	4.459463195800781	13.03363037109375	8.845352172851562
Ar	4.290426025390625	12.919991455078126	13.374544677734375
Ar	4.126710815429687	13.086690673828125	17.347047119140626
Ar	4.571911315917969	17.78783203125	0.12242037773132325
Ar	4.324257507324218	17.593577880859375	4.227452087402344
Ar	4.456684875488281	17.863382568359377	8.875652465820313
Ar	4.502738647460937	17.795078125	13.184794921875
Ar	4.345133056640625	17.66058349609375	17.726293945312502
Ar	8.933092041015625	0.017966002225875854	0.12669486045837403
Ar	8.74102294921875	0.029903557300567627	4.4677276611328125
Ar	8.886168212890626	21.963515625	9.003777465820313
Ar	8.829862670898438	0.20417842864990235	13.335452880859375
Ar	8.780452880859375	0.09800682067871094	17.521488037109375
Ar	8.583182983398437	4.240976867675782	21.922802734375
Ar	8.685748901367187	4.313751831054687	4.652691040039063
Ar	8.778676147460938	4.434781188964844	8.780098876953126
Ar	8.924031372070313	4.3760202026367185	13.39265625
Ar	8.759923095703126	4.235963439941406	17.602366943359375
Ar	8.560933227539063	8.942648925781251	0.13857434272766114
Ar	8.897887573242187	8.898551635742187	4.1657647705078125
Ar	8.825504150390625	8.800023803710937	8.774343872070313
Ar	8.74750732421875	8.775153198242188	13.182607421875
Ar	8.7780859375	8.746941528320313	17.612039794921877
Ar	8.7393701171875	13.19681884765625	0.25509016036987303
Ar	8.821130981445313	13.078890380859375	4.529660034179687
Ar	8.919292602539063	13.307177734375001	8.865875854492188
Ar	8.780925903320313	13.180457763671875	13.229781494140624
Ar	8.838363037109374	13.2441357421875	17.4865625
Ar	8.791834106445313	17.560894775390626	0.015948022603988646
Ar	8.812138061523438	17.651798095703125	4.459168090820312
Ar	8.72385986328125	17.61772705078125	8.773583374023438
Ar	8.752783203125	17.534982910156252	13.43826904296875
Ar	8.762557983398438	17.475078125	17.53692626953125
Ar	13.285601806640626	21.9336474609375	0.05840697765350342
Ar	13.3149609375	0.0042570033669471746	4.482413635253907
Ar	13.009056396484375	0.14629415512084962	8.808119506835938
Ar	13.28926025390625	0.03326764345169068	13.185002441406251
Ar	13.149066162109376	0.13542102813720702	17.738256835937502
Ar	13.402741699218751	4.429757995605469	0.0005155207961797714
Ar	13.177486572265625	4.314889831542969	4.568722534179687
Ar	13.11478515625	4.476930847167969	8.869568481445313
Ar	13.14927734375	4.414330139160156	13.137154541015626
Ar	13.118474121093751	4.441834411621094	17.63070068359375
Ar	13.320350341796875	8.720141601562501	21.8807080078125
Ar	13.232242431640625	8.9516845703125	4.159367370605469
Ar	13.3233740234375	8.80587646484375	8.922533569335938
Ar	13.088397216796876	8.821812133789063	13.415616455078125
Ar	12.99958740234375	8.664639892578125	17.582091064453124
Ar	13.172332763671875	13.327152099609375	0.020073654651641844
Ar	13.2955908203125	13.223662109375	4.514881286621094
Ar	13.215966796875	13.3067431640625	8.97037109375
Ar	13.35884521484375	13.3827197265625	13.1295751953125
Ar	13.298883056640625	13.27326904296875	17.38466552734375
Ar	13.284747314453126	17.682816162109376	21.882890625
Ar	13.34013916015625	17.70308837890625	4.44721435546875
Ar	13.1564013671875	17.570589599609374	8.688563842773437
Ar	13.370104980468751	17.7041845703125	13.33432861328125
Ar	13.110338134765625	17.612620849609375	17.74850830078125
Ar	17.5988427734375	0.05111870288848877	21.97604248046875
Ar	17.408680419921875	21.99440673828125	4.308421936035156
Ar	17.53021728515625	0.029541049003601074	8.752678833007813
Ar	17.612772216796877	0.27728330612182617	13.196688232421875
Ar	17.559632568359376	21.9997607421875	17.580855712890624
Ar	17.638189697265627	4.586652221679688	21.988046875000002
Ar	17.6053125	4.34913330078125	4.263260498046875
Ar	17.514482421875	4.60005615234375	8.79842041015625
Ar	17.482218017578127	4.511788024902343	13.147100830078125
Ar	17.652034912109375	4.4394052124023435	17.586116943359375
Ar	17.53673583984375	8.845872192382812	0.09911724090576172
Ar	17.617225341796875	8.779812622070313	4.393886108398438
Ar	17.59673828125	8.936197509765625	8.673958740234376
Ar	17.590736083984375	8.979546508789063	13.247158203125
Ar	17.584964599609375	8.824229125976563	17.517408447265627
Ar	17.501016845703127	13.265233154296876	0.10767539978027343
Ar	17.49965576171875	13.459107666015626	4.455892944335938
Ar	17.641035156250002	13.243438720703125	8.820612182617188
Ar	17.58211669921875	13.22315185546875	13.391326904296875
Ar	17.68005615234375	13.202822265625	17.514334716796874
Ar	17.708458251953125	17.6508935546875	21.96759765625
Ar	17.61860595703125	17.567435302734374	4.340472106933594
Ar	17.715750732421874	17.614544677734376	8.943786010742187
Ar	17.625543212890626	17.377042236328126	13.156226806640625
Ar	17.85033935546875	17.706544189453126	17.68016357421875

step 400
T = 88.61783
P = -4.2566942e-5
Ar	21.94987548828125	0.03142574787139893	21.8173681640625
Ar	21.96490234375	21.9447216796875	4.50779541015625
Ar	21.903046875	0.0670054817199707	8.790802001953125
Ar	21.945715332031252	21.788037109375	13.214359130859375
Ar	21.899396972656252	21.68617431640625	17.595556640625002
Ar	0.0602470064163208	4.485790405273438	21.768359375
Ar	21.88744384765625	4.589322509765625	4.258367919921875
Ar	0.23481597900390624	4.270010070800781	8.859705200195313
Ar	0.1333741283416748	4.526802062988281	13.161611328125
Ar	0.05203365325927734	4.342249450683594	17.641324462890626
Ar	21.963564453125	8.79879638671875	0.022221243381500246
Ar	0.09411049842834474	8.9691845703125	4.514644165039063
Ar	0.08318410873413086	8.795647583007813	8.656467895507813
Ar	0.0672843360900879	8.734298706054688	13.40902099609375
Ar	21.87286865234375	8.907841796875001	17.678930664062502
Ar	21.8947998046875	13.058359375	0.0051849597692489625
Ar	0.06097633838653565	13.233802490234375	4.246078186035156
Ar	0.11495890617370606	13.272750244140624	8.878157958984374
Ar	0.05991117954254151	13.138221435546875	13.220419921875001
Ar	21.8580810546875	13.337269287109375	17.703663330078125
Ar	21.928896484375	17.7445703125	0.003515569567680359
Ar	0.15140987396240235	17.406456298828125	4.542237548828125
Ar	21.9430859375	17.436220703125	8.826453857421875
Ar	21.943273925781252	17.560048828125	13.3050341796875
Ar	0.36696868896484375	17.579234619140625	17.71504638671875
Ar	4.347760009765625	0.07242287158966064	0.09542037010192872
Ar	4.375521850585938	0.19761070251464843	4.5820010375976565
Ar	4.445455932617188	0.011333601474761963	8.813305053710938
Ar	4.275548095703125	21.876203613281252	13.173779296875
Ar	4.2392602539062505	21.9346484375	17.8979052734375
Ar	4.40475830078125	4.421025085449219	0.009457269906997681
Ar	4.399039306640625	4.3649118041992185	4.341030578613282
Ar	4.410146789550781	4.257940368652344	8.951761474609375
Ar	4.447083435058594	4.411910095214844	12.98179443359375
Ar	4.390802307128906	4.416583862304687	17.500269775390624
Ar	4.446335754394531	8.813148803710938	0.06859476566314697
Ar	4.3882421875	8.517003173828126	4.352745056152344
Ar	4.344566955566406	8.747227783203126	8.894019165039063
Ar	4.39826171875	8.845884399414063	13.286503906250001
Ar	4.6694055175781255	8.999371948242187	17.807542724609377
Ar	4.33647705078125	13.288651123046876	0.2230120277404785
Ar	4.635219116210938	13.177294921875001	4.337561340332031
Ar	4.480151977539062	13.0235595703125	8.769048461914062
Ar	4.338403930664063	12.871054687500001	13.417163085937501
Ar	4.125002746582031	13.048087158203126	17.346455078125
Ar	4.5621731567382815	17.848134765625	0.11655586242675782
Ar	4.340309143066406	17.6319873046875	4.159781799316407
Ar	4.516481018066407	17.851810302734375	8.851654663085938
Ar	4.466548461914063	17.787301025390626	13.151141357421876
Ar	4.338088684082031	17.678514404296877	17.686751708984374
Ar	8.984174194335937	0.05565681934356689	0.15686920166015625
Ar	8.785830688476564	0.08328649520874024	4.4091125488281255
Ar	8.827672119140626	21.93820556640625	8.965698852539063
Ar	8.736893310546876	0.042529358863830566	13.379443359375001
Ar	8.789551391601563	0.18236223220825196	17.5909619140625
Ar	8.567172241210939	4.253381042480469	21.8818505859375
Ar	8.736979370117188	4.3270962524414065	4.687825012207031
Ar	8.741524047851563	4.490899353027344	8.888485717773438
Ar	9.088900146484375	4.294737243652344	13.451490478515625
Ar	8.787889404296875	4.2874447631835935	17.658828125
Ar	8.579517211914062	9.005443725585938	0.127200927734375
Ar	9.052844238281251	8.883793334960938	4.119071350097657
Ar	8.824412231445313	8.777103271484375	8.743577880859375
Ar	8.8350830078125	8.766132202148437	13.295885009765625
Ar	8.8532568359375	8.752457275390626	17.645721435546875
Ar	8.710880126953125	13.287374267578125	0.2405813980102539
Ar	8.823765869140626	13.074825439453125	4.564019470214844
Ar	8.9596044921875	13.28269775390625	8.878350219726563
Ar	8.807888793945313	13.103059082031251	13.112928466796875
Ar	8.8678271484375	13.159461669921875	17.415903320312502
Ar	8.786441040039064	17.572916259765627	21.872578125
Ar	8.780865478515626	17.623004150390624	4.469170227050781
Ar	8.801135253906251	17.6227001953125	8.762293701171876
Ar	8.773087158203126	17.581563720703127	13.468804931640625
Ar	8.6918505859375	17.513265380859377	17.640108642578124
Ar	13.3430126953125	21.95703857421875	0.049322772026062014
Ar	13.39515869140625	21.80791748046875	4.538200073242187
Ar	12.955172119140625	0.16439060211181641	8.831891479492187
Ar	13.277266845703124	0.10018855094909668	13.048094482421876
Ar	13.05184814453125	0.16086318969726562	17.66708740234375
Ar	13.430426025390625	4.4090274047851565	0.05930953502655029
Ar	13.2327685546875	4.333736572265625	4.595393981933594
Ar	13.154234619140626	4.462785339355469	8.804591674804687
Ar	13.230458984375	4.527244262695312	13.052919921875
Ar	13.106002197265624	4.480631408691407	17.5318603515625
Ar	13.361271972656251	8.664259643554688	21.83718505859375
Ar	13.171883544921876	8.985252685546875	4.185223693847656
Ar	13.21117919921875	8.829708251953125	8.907615966796875
Ar	13.099108886718751	8.876716918945313	13.39275634765625
Ar	13.048890380859376	8.607039794921874	17.65446533203125
Ar	13.0633056640625	13.247152099609375	0.11331339836120606
Ar	13.366154785156251	13.21598876953125	4.555753784179688
Ar	13.17758544921875	13.26014892578125	9.01093505859375
Ar	13.466146240234375	13.336268310546876	13.126314697265625
Ar	13.30541259765625	13.247366943359376	17.423951416015626
Ar	13.340964355468751	17.727182617187502	21.84597900390625
Ar	13.335999755859376	17.747882080078124	4.4336373901367185
Ar	13.191788330078126	17.658287353515625	8.676394653320314
Ar	13.311136474609375	17.7667578125	13.32302490234375
Ar	13.045706787109376	17.655784912109375	17.836171875
Ar	17.682530517578126	0.08453596115112305	21.9283642578125
Ar	17.365220947265627	0.050486993789672856	4.345399169921875
Ar	17.591875	0.04021872520446777	8.784417724609375
Ar	17.69870849609375	0.22776426315307619	13.28659912109375
Ar	17.662706298828127	21.93294189453125	17.5726025390625
Ar	17.628488769531252	4.525898742675781	21.9213525390625
Ar	17.683492431640627	4.4473568725585935	4.208175354003906
Ar	17.54513427734375	4.657372741699219	8.798934326171874
Ar	17.456612548828126	4.6086145019531255	13.1364501953125
Ar	17.558204345703125	4.37816650390625	17.527633056640624
Ar	17.513018798828124	8.878287963867187	0.18472322463989257
Ar	17.6663232421875	8.865224609375	4.440710754394531
Ar	17.677398681640625	8.961994018554687	8.624352416992188
Ar	17.57142822265625	9.126835327148438	13.2049072265625
Ar	17.625101318359377	8.807979125976562	17.577935791015626
Ar	17.40889892578125	13.243455810546875	0.12729473114013673
Ar	17.517309570312502	13.470047607421876	4.413492431640625
Ar	17.61230712890625	13.26258544921875	8.816549072265625
Ar	17.594832763671874	13.260625000000001	13.437882080078126
Ar	17.703858642578126	13.138349609375	17.499766845703125
Ar	17.735289306640624	17.59245849609375	21.9869580078125
Ar	17.599215087890624	17.445283203125	4.3279266357421875
Ar	17.80227783203125	17.65890869140625	8.9514599609375
Ar	17.69328857421875	17.378934326171876	13.11281982421875
Ar	17.849863281250002	17.634436035156252	17.706041259765627

step 500
T = 111.042114
P = -4.2303694e-5
Ar	21.95607421875	0.050847134590148925	21.850812988281252
Ar	21.945185546875	21.86846923828125	4.417797241210938
Ar	21.90533203125	0.08138032913208008	8.763629760742187
Ar	21.8816650390625	21.7560546875	13.12042236328125
Ar	0.03479177713394165	21.725019531250002	17.687998046875002
Ar	0.04587290763854981	4.52627685546875	21.845390625
Ar	21.87565673828125	4.492317810058593	4.3076281738281255
Ar	0.2664398384094238	4.209837341308594	8.801859130859375
Ar	0.0720957326889038	4.565436706542969	13.118055419921875
Ar	0.06537545204162598	4.347072448730469	17.715205078125
Ar	21.9714599609375	8.894478759765626	0.01988046646118164
Ar	0.02974172592163086	9.001786499023437	4.419991455078125
Ar	0.02273193359375	8.743103637695313	8.693343505859374
Ar	21.89830322265625	8.822713012695313	13.359945068359375
Ar	21.96173095703125	8.837492065429688	17.681807861328124
Ar	21.94314453125	12.9963134765625	0.05903220176696777
Ar	0.03673882722854614	13.234561767578125	4.222022399902344
Ar	0.15523159980773926	13.111516113281251	8.8637060546875
Ar	21.94032470703125	13.115626220703126	13.13129638671875
Ar	21.82806884765625	13.357437744140626	17.71193603515625
Ar	21.92824951171875	17.718055419921875	21.9199609375
Ar	0.14746353149414063	17.492342529296874	4.467471618652344
Ar	21.8728955078125	17.53290283203125	8.74625244140625
Ar	21.94645751953125	17.524520263671874	13.3246240234375
Ar	0.23380855560302735	17.62231201171875	17.710180664062502
Ar	4.367235107421875	21.9726708984375	0.1415067768096924
Ar	4.581774597167969	0.1259620475769043	4.684671630859375
Ar	4.376947937011719	21.94537841796875	8.805980224609375
Ar	4.214732971191406	21.87554443359375	13.0601953125
Ar	4.233148498535156	21.937814941406252	17.869315185546874
Ar	4.455948791503906	4.39352783203125	0.013351150751113892
Ar	4.382181701660157	4.263841247558593	4.298001098632812
Ar	4.335411376953125	4.345274047851563	8.996776123046875
Ar	4.479219360351562	4.436847534179687	12.9776025390625
Ar	4.449662780761719	4.4101864624023435	17.552132568359376
Ar	4.511842651367187	8.854014282226563	0.16706939697265624
Ar	4.385341186523438	8.447186889648437	4.414187622070313
Ar	4.364968872070313	8.766622924804688	8.83066162109375
Ar	4.244053039550781	8.839378662109375	13.23510498046875
Ar	4.650027160644531	8.998934936523439	17.75009521484375
Ar	4.3278045654296875	13.345079345703125	0.16342269897460937
Ar	4.593558959960937	13.157562255859375	4.389673767089844
Ar	4.486417846679688	13.002220458984375	8.744638061523437
Ar	4.338081665039063	12.737598876953125	13.4587939453125
Ar	4.1564874267578125	13.04865478515625	17.24260498046875
Ar	4.5710275268554685	17.826077880859376	0.10670777320861817
Ar	4.341862487792969	17.5302734375	4.18083984375
Ar	4.387321166992187	17.896414794921874	8.850870971679688
Ar	4.455049133300782	17.71343017578125	13.159981689453126
Ar	4.408947143554688	17.6887890625	17.6737646484375
Ar	9.008366088867188	0.07646770477294922	0.24080549240112306
Ar	8.854033203125	0.055440268516540527	4.412701721191406
Ar	8.839370727539062	21.8392822265625	8.9312451171875
Ar	8.7812841796875	21.915625000000002	13.343726806640625
Ar	8.794268188476563	0.20338991165161133	17.592724609375
Ar	8.465651245117188	4.245265197753906	21.86333740234375
Ar	8.550287475585938	4.182681884765625	4.718638610839844
Ar	8.69564697265625	4.46235595703125	9.043573608398438
Ar	9.087215576171875	4.341387329101563	13.430789794921875
Ar	8.80476318359375	4.276615600585938	17.8030419921875
Ar	8.56572998046875	9.00012451171875	0.04981235980987549
Ar	9.03887451171875	8.84614990234375	4.009662780761719
Ar	8.855867309570312	8.84283447265625	8.845120239257813
Ar	8.85968017578125	8.813162231445313	13.3344580078125
Ar	8.8211865234375	8.711063232421875	17.523172607421877
Ar	8.721488647460937	13.251136474609375	0.2500357246398926
Ar	8.750341186523437	13.115477294921876	4.519077758789063
Ar	8.94162841796875	13.297961425781251	8.869756469726562
Ar	8.676979370117188	13.04386474609375	13.160989990234375
Ar	8.876766357421875	13.15765380859375	17.3898828125
Ar	8.711997680664062	17.537774658203126	21.84155517578125
Ar	8.680508422851563	17.606309814453127	4.570263671875
Ar	8.800615844726563	17.575635986328127	8.814903564453125
Ar	8.86616455078125	17.490479736328126	13.5542138671875
Ar	8.808600463867188	17.591240234375	17.5613037109375
Ar	13.273182373046875	21.94512451171875	0.098720121383667
Ar	13.304986572265625	21.72887451171875	4.591422119140625
Ar	13.026318359375	0.30410615921020506	8.844862060546875
Ar	13.257645263671876	0.10030917167663575	13.007822265625
Ar	13.0549462890625	0.16761238098144532	17.7307470703125
Ar	13.41389404296875	4.383405151367188	0.037247788906097416
Ar	13.168289794921876	4.321517333984375	4.6616519165039065
Ar	13.154312744140626	4.476347351074219	8.739827270507813
Ar	13.161312255859375	4.67220947265625	13.031434326171876
Ar	13.153134765625	4.506203002929688	17.543948974609375
Ar	13.386234130859375	8.664859008789064	21.75945068359375
Ar	13.18224609375	8.869915161132813	4.168583984375
Ar	13.159550781250001	8.8586962890625	8.92972900390625
Ar	13.124151611328125	8.89805419921875	13.414290771484374
Ar	12.995328369140625	8.596011962890625	17.68265625
Ar	13.003206787109375	13.31318359375	0.1743890380859375
Ar	13.414771728515625	13.19967529296875	4.623723754882812
Ar	13.080283203125001	13.33170654296875	8.9836767578125
Ar	13.40172607421875	13.34469970703125	13.173922119140625
Ar	13.422255859375	13.236973876953126	17.414061279296874
Ar	13.231599121093751	17.73925048828125	21.71928955078125
Ar	13.36542724609375	17.734927978515625	4.374988708496094
Ar	13.223751220703125	17.775130615234374	8.868128051757813
Ar	13.279605712890625	17.70406494140625	13.32390380859375
Ar	12.958092041015625	17.685721435546874	17.993533935546875
Ar	17.62203369140625	0.11715969085693359	0.022220234870910644
Ar	17.459638671875002	21.9837646484375	4.343905944824219
Ar	17.601851806640624	0.08218498229980468	8.648425292968751
Ar	17.73799072265625	0.19271883010864257	13.264505615234375
Ar	17.747108154296875	21.99958740234375	17.6117578125
Ar	17.50608154296875	4.590049133300782	21.88203125
Ar	17.675050048828126	4.450016174316406	4.304579467773437
Ar	17.50717529296875	4.705615234375	8.703475952148438
Ar	17.380887451171876	4.685768737792968	13.1765869140625
Ar	17.541263427734375	4.362091064453125	17.4425
Ar	17.526494140625	8.858316040039062	0.2270402717590332
Ar	17.658116455078126	8.808073120117188	4.443752136230469
Ar	17.667589111328127	8.938035278320312	8.582864379882812
Ar	17.589121093750002	9.148722534179688	13.293743896484376
Ar	17.660555419921874	8.831531982421875	17.528724365234375
Ar	17.413714599609374	13.180321044921875	0.22938493728637696
Ar	17.489515380859377	13.41987548828125	4.4516711425781255
Ar	17.659227294921877	13.151195068359375	8.735676879882813
Ar	17.50971923828125	13.328343505859376	13.46212646484375
Ar	17.67181396484375	13.15527099609375	17.581026611328124
Ar	17.879783935546875	17.669381103515626	21.95098876953125
Ar	17.535462646484376	17.51188720703125	4.279434509277344
Ar	17.742996826171876	17.628953857421877	8.966690063476562
Ar	17.77597900390625	17.327249755859377	13.123671875
Ar	17.886319580078126	17.634810791015624	17.79329833984375

step 600
T = 98.23418
P = -4.2454052e-5
Ar	21.96335205078125	0.0849367332458496	21.8001611328125
Ar	21.952280273437502	21.80365478515625	4.330581359863281
Ar	21.75240234375	21.93713134765625	8.898886108398438
Ar	21.88047119140625	21.79203857421875	13.093408203125
Ar	0.09122465133666992	21.7575634765625	17.670450439453127
Ar	0.03092462778091431	4.614614868164063	21.89248291015625
Ar	21.799140625	4.403636169433594	4.312345886230469
Ar	0.16024690628051758	4.254281005859375	8.725599975585938
Ar	0.01727562427520752	4.6046380615234375	13.003897705078126
Ar	0.03827099323272705	4.3411868286132815	17.70559814453125
Ar	21.986572265625	8.932383422851563	0.03915501356124878
Ar	0.020242786407470705	8.976112060546875	4.431708679199219
Ar	21.873916015625	8.608302001953126	8.84861572265625
Ar	0.005349401235580444	8.757223510742188	13.441387939453126
Ar	21.999399414062502	8.87119140625	17.697923583984377
Ar	21.951940917968752	13.009443359375	0.12910660743713379
Ar	0.0713776969909668	13.17726318359375	4.256965942382813
Ar	0.307264404296875	13.116495361328125	8.791673583984375
Ar	21.89821533203125	13.049080810546876	13.193677978515625
Ar	21.79364013671875	13.391040039062501	17.74893310546875
Ar	21.924543457031252	17.55126708984375	21.9971630859375
Ar	0.2009037208557129	17.471685791015627	4.490946655273437
Ar	21.831259765625	17.444544677734374	8.7784716796875
Ar	21.88062255859375	17.560084228515624	13.317144775390625
Ar	0.2115223503112793	17.726632080078126	17.687314453125
Ar	4.347554016113281	21.93031005859375	0.1518643379211426
Ar	4.623836364746094	0.1303889846801758	4.7452218627929685
Ar	4.4939074707031255	21.977819824218752	8.85211181640625
Ar	4.322077026367188	21.8739501953125	13.051798095703125
Ar	4.2623684692382815	21.836904296875	17.936895751953127
Ar	4.371145324707031	4.381126403808594	0.00976291596889496
Ar	4.446519165039063	4.266822204589844	4.200499877929688
Ar	4.401421813964844	4.282073974609375	8.960581665039063
Ar	4.470198059082032	4.399708557128906	12.993372802734376
Ar	4.452689208984375	4.323527221679687	17.535181884765624
Ar	4.467682495117187	8.811206665039062	0.15518181800842284
Ar	4.367775573730468	8.52404541015625	4.381414489746094
Ar	4.3488793945312505	8.777511596679688	8.759298706054688
Ar	4.223865356445312	8.815562133789063	13.338645019531251
Ar	4.640950317382813	9.038204956054688	17.682966308593752
Ar	4.415119934082031	13.2463037109375	0.12536542892456054
Ar	4.5802374267578125	13.052928466796875	4.499589233398438
Ar	4.485452270507813	12.899129638671875	8.711367797851564
Ar	4.409635620117188	12.802216796875001	13.352078857421875
Ar	4.156100769042969	13.004503173828125	17.206607666015625
Ar	4.522261962890625	17.78066162109375	0.14798995971679688
Ar	4.3471917724609375	17.496650390625	4.219987182617188
Ar	4.470404357910156	17.905362548828126	8.7606103515625
Ar	4.457169799804688	17.70561279296875	13.1858251953125
Ar	4.428360900878906	17.7580029296875	17.68414306640625
Ar	9.06485107421875	0.02477444887161255	0.20319766998291017
Ar	8.810452270507813	21.98844482421875	4.377974243164062
Ar	8.881298217773438	21.76362548828125	8.953443603515625
Ar	8.81568359375	21.78839111328125	13.386575927734375
Ar	8.734613647460938	0.2657231903076172	17.49795166015625
Ar	8.387529296875	4.332072448730469	21.788154296875
Ar	8.557828979492188	4.206152038574219	4.711466674804687
Ar	8.659100952148437	4.431329650878906	9.069802856445312
Ar	9.128724975585937	4.278174133300781	13.30307861328125
Ar	8.730537719726563	4.242118530273437	17.899824218750002
Ar	8.599605102539062	8.956152954101563	0.13998074531555177
Ar	9.023071899414063	8.901806640625	4.05089599609375
Ar	8.861627197265625	8.849656372070312	8.796553955078124
Ar	8.864531860351562	8.681919555664063	13.356175537109376
Ar	8.852500610351562	8.83807373046875	17.506351318359375
Ar	8.755977783203125	13.142828369140625	0.2373501777648926
Ar	8.729041748046875	13.180703125	4.492754821777344
Ar	8.931494140625	13.345640869140626	8.832960205078125
Ar	8.719143676757813	13.027774658203125	13.130192871093751
Ar	9.004705200195312	13.030765380859375	17.2866552734375
Ar	8.656987915039062	17.4177099609375	21.82134033203125
Ar	8.750137329101562	17.660501708984377	4.603031921386719
Ar	8.894539184570313	17.66615234375	8.840249633789062
Ar	8.915465087890626	17.538643798828126	13.57308349609375
Ar	8.785223388671875	17.624512939453126	17.507491455078124
Ar	13.2830224609375	21.9527880859375	0.05468897819519043
Ar	13.296202392578126	21.766748046875	4.571101379394531
Ar	12.9657861328125	0.21428413391113282	8.775335693359375
Ar	13.225072021484376	0.1568336582183838	13.098227539062501
Ar	13.089256591796875	0.1440650177001953	17.714755859375
Ar	13.387548828125	4.378195190429688	0.019157377481460573
Ar	13.189561767578125	4.362305603027344	4.684940490722656
Ar	13.278638916015625	4.510796203613281	8.796055908203126
Ar	13.22822021484375	4.706314697265625	13.07115966796875
Ar	13.110421142578126	4.497242126464844	17.52504150390625
Ar	13.346121826171876	8.731630249023437	21.7425048828125
Ar	13.23271728515625	8.828277587890625	4.171296997070312
Ar	13.131196289062501	8.875567626953126	9.010126342773438
Ar	13.0959912109375	9.003251953125	13.32171875
Ar	12.966270751953125	8.615957641601563	17.66616455078125
Ar	12.986209716796875	13.346949462890626	0.2392127227783203
Ar	13.380850830078126	13.158333740234376	4.680382385253906
Ar	12.947642822265625	13.34517822265625	8.934041137695313
Ar	13.34818115234375	13.33945556640625	13.308582763671875
Ar	13.343341064453126	13.251590576171875	17.348929443359374
Ar	13.182430419921875	17.64031494140625	21.68548095703125
Ar	13.44719970703125	17.637203369140625	4.414153137207031
Ar	13.275220947265625	17.72765625	8.849491577148438
Ar	13.249364013671876	17.77429931640625	13.290963134765626
Ar	12.9983984375	17.612510986328125	18.047012939453126
Ar	17.621317138671877	0.18283716201782227	21.92625732421875
Ar	17.414676513671875	21.90551513671875	4.3209011840820315
Ar	17.537955322265624	0.1410445499420166	8.636941528320312
Ar	17.700450439453125	0.09521769523620606	13.267188720703125
Ar	17.714534912109375	0.10992801666259766	17.58144775390625
Ar	17.486602783203125	4.539395446777344	21.864814453125
Ar	17.6554345703125	4.414288635253906	4.205654296875
Ar	17.56188232421875	4.7086511230468755	8.679622802734375
Ar	17.36679931640625	4.7312533569335935	13.169577636718751
Ar	17.62214599609375	4.291981811523438	17.414495849609377
Ar	17.523798828125	8.835593261718751	0.22157583236694336
Ar	17.65736328125	8.788294067382813	4.465191040039063
Ar	17.642137451171877	8.899598999023437	8.543683471679687
Ar	17.58119140625	9.16331298828125	13.364786376953125
Ar	17.6467529296875	8.822401123046875	17.501081542968752
Ar	17.381966552734376	13.2577294921875	0.13127939224243165
Ar	17.517491455078126	13.317718505859375	4.5075616455078125
Ar	17.670928955078125	13.091959228515625	8.774324340820312
Ar	17.538389892578124	13.261939697265625	13.4473681640625
Ar	17.631723632812502	13.108353271484376	17.629266357421876
Ar	17.806761474609374	17.831417236328125	21.8624951171875
Ar	17.535809326171876	17.594139404296875	4.27396484375
Ar	17.733868408203126	17.685843505859374	9.094375
Ar	17.78670166015625	17.334448242187502	13.236695556640626
Ar	17.70353271484375	17.650474853515625	17.82134033203125

step 700
T = 96.137856
P = -4.247866e-5
Ar	0.031129164695739748	21.979963378906252	21.74865234375
Ar	21.898828125	21.7537890625	4.347543640136719
Ar	21.73630615234375	21.94399169921875	8.822254028320312
Ar	21.89083984375	21.67395263671875	13.111776123046875
Ar	0.031717154979705814	21.75951171875	17.725716552734376
Ar	0.047414846420288086	4.763558959960938	21.95867431640625
Ar	21.8208251953125	4.423414916992187	4.32073974609375
Ar	0.18630218505859375	4.290989685058594	8.890890502929688
Ar	0.0186290442943573	4.525039367675781	12.968070068359376
Ar	21.9699609375	4.290389709472656	17.701075439453124
Ar	21.9504296875	8.829631958007813	0.07866966247558593
Ar	0.014451897144317627	8.961973876953126	4.337266845703125
Ar	21.875126953125	8.625737304687501	8.904625854492188
Ar	0.03411907196044922	8.807725830078125	13.370936279296876
Ar	21.989328613281252	8.879671020507812	17.597387695312502
Ar	21.962880859375	13.047684326171876	0.056259956359863285
Ar	0.14464452743530273	13.1702734375	4.30216796875
Ar	0.22634319305419923	13.21570068359375	8.81623779296875
Ar	21.8273388671875	13.0420703125	13.159525146484375
Ar	21.7664501953125	13.505384521484375	17.721723632812502
Ar	21.98302734375	17.512900390625	21.9839453125
Ar	0.23420642852783202	17.4269873046875	4.46577880859375
Ar	21.79156494140625	17.54165771484375	8.723744506835938
Ar	21.9376220703125	17.48800537109375	13.30985595703125
Ar	0.19234216690063477	17.729290771484376	17.635860595703125
Ar	4.352782287597656	21.9628955078125	0.1904408836364746
Ar	4.698285522460938	0.07112442493438721	4.759056396484375
Ar	4.574215087890625	0.028441178798675536	8.841895751953125
Ar	4.209322814941406	21.9005126953125	12.93259765625
Ar	4.266755981445312	21.872744140625	17.894503173828124
Ar	4.372168273925781	4.382442626953125	0.03227573156356812
Ar	4.464413146972657	4.296067504882813	4.2482998657226565
Ar	4.661085815429687	4.349907531738281	9.048170776367188
Ar	4.453377075195313	4.436153564453125	12.991459960937501
Ar	4.434732971191407	4.404603881835937	17.55486083984375
Ar	4.336710510253907	8.954061889648438	0.21662900924682618
Ar	4.3582022094726565	8.518159790039062	4.333731994628907
Ar	4.271967163085938	8.667550048828126	8.758219604492188
Ar	4.295339050292969	8.780858764648437	13.30162841796875
Ar	4.728014831542969	9.047608642578124	17.646500244140626
Ar	4.348070068359375	13.37311767578125	0.18635129928588867
Ar	4.580180969238281	13.108221435546875	4.578631286621094
Ar	4.5021841430664065	12.909971923828126	8.607303466796875
Ar	4.3833740234375	12.82462646484375	13.326326904296875
Ar	4.203970336914063	13.057235107421874	17.258394775390624
Ar	4.508556823730469	17.805047607421876	0.12520835876464845
Ar	4.361327514648438	17.61332275390625	4.169479064941406
Ar	4.496935424804688	17.9163525390625	8.811620483398437
Ar	4.375741577148438	17.713348388671875	13.150565185546876
Ar	4.481610412597656	17.820928955078127	17.7678173828125
Ar	9.031351318359375	21.87802978515625	0.11456710815429688
Ar	8.78806640625	0.046335053443908696	4.4334103393554685
Ar	8.950734252929688	21.80871337890625	8.910079956054688
Ar	8.85998291015625	21.83029296875	13.350179443359375
Ar	8.743106079101564	0.3259659194946289	17.48033447265625
Ar	8.535252075195313	4.271204833984375	21.76912353515625
Ar	8.573674926757812	4.256381530761719	4.802836608886719
Ar	8.694676513671876	4.410786743164063	9.05056396484375
Ar	9.172807006835937	4.2546630859375	13.322147216796875
Ar	8.652940063476562	4.164889831542969	17.9764208984375
Ar	8.61967529296875	8.970732421875	0.123743314743042
Ar	8.9755029296875	8.893856201171875	3.998399658203125
Ar	8.864322509765625	8.873506469726562	8.631680297851563
Ar	8.818108520507813	8.633540649414062	13.2636865234375
Ar	8.819905395507813	8.848926391601562	17.49610107421875
Ar	8.729895629882813	12.94570556640625	0.22378120422363282
Ar	8.699833374023438	13.189310302734375	4.5130682373046875
Ar	8.89112548828125	13.347137451171875	8.835234375
Ar	8.744762573242188	13.033128662109375	13.161949462890625
Ar	8.99169189453125	12.99699951171875	17.3125927734375
Ar	8.643712158203126	17.5869140625	21.666975097656252
Ar	8.729785766601562	17.70885498046875	4.577114562988282
Ar	8.999290161132812	17.749063720703127	8.856611938476563
Ar	8.848746948242187	17.58787109375	13.531124267578125
Ar	8.858696899414063	17.682618408203126	17.465570068359376
Ar	13.3229833984375	21.97911865234375	0.010097879171371461
Ar	13.33024169921875	21.769392089843752	4.600894165039063
Ar	12.95613037109375	0.25187583923339846	8.687321166992188
Ar	13.26657470703125	0.19457674026489258	13.108720703125
Ar	13.056932373046875	0.144895658493042	17.78908935546875
Ar	13.350665283203126	4.475345458984375	21.9513232421875
Ar	13.168601074218751	4.367115478515625	4.5877554321289065
Ar	13.223076171875	4.551972045898437	8.895547485351562
Ar	13.290238037109376	4.697067565917969	13.036175537109376
Ar	13.1707763671875	4.6802606201171875	17.502490234375
Ar	13.394766845703126	8.777378540039063	21.742587890625
Ar	13.2041162109375	8.861760253906251	4.193127136230469
Ar	13.128912353515625	8.9239697265625	8.978944091796874
Ar	13.06373291015625	8.983829345703125	13.394691162109375
Ar	13.07316650390625	8.665318603515626	17.637288818359377
Ar	12.943375244140626	13.308004150390625	0.230753173828125
Ar	13.42349853515625	13.211927490234375	4.627649536132813
Ar	12.933148193359376	13.28122802734375	8.94686767578125
Ar	13.35007080078125	13.320941162109376	13.330040283203125
Ar	13.307855224609375	13.24494140625	17.293565673828127
Ar	13.142618408203125	17.593861083984375	21.74623779296875
Ar	13.364764404296876	17.648031005859377	4.501738586425781
Ar	13.242760009765625	17.727490234375	8.801661376953126
Ar	13.18721435546875	17.838424072265624	13.34070068359375
Ar	13.02160400390625	17.58179931640625	18.037607421875002
Ar	17.611580810546876	0.19560894012451172	21.898847656250002
Ar	17.406412353515627	21.89767578125	4.406464233398437
Ar	17.479857177734374	0.17471982955932616	8.631031494140625
Ar	17.67473388671875	0.16596717834472657	13.213372802734375
Ar	17.639536132812502	0.12376396179199219	17.6285791015625
Ar	17.505281982421874	4.555299987792969	21.8256787109375
Ar	17.642344970703125	4.449703063964844	4.026433715820312
Ar	17.558974609375	4.660251159667969	8.737183227539063
Ar	17.43810302734375	4.774806518554688	13.136695556640625
Ar	17.55916259765625	4.302521667480469	17.528265380859377
Ar	17.670637207031252	8.83646240234375	0.19992485046386718
Ar	17.694063720703124	8.740100708007812	4.522782287597656
Ar	17.68056640625	8.824573364257812	8.539893798828125
Ar	17.680307617187502	9.093504028320313	13.344642333984375
Ar	17.595728759765624	8.835829467773438	17.525726318359375
Ar	17.418275146484376	13.21945556640625	0.12270506858825683
Ar	17.419188232421874	13.430102539062501	4.6066436767578125
Ar	17.668883056640624	13.044521484375	8.8197021484375
Ar	17.590738525390627	13.34552001953125	13.411168212890626
Ar	17.560129394531252	13.115880126953126	17.555509033203126
Ar	17.827314453125002	17.860361328125002	21.8576318359375
Ar	17.412586669921875	17.6874365234375	4.263828735351563
Ar	17.687753906250002	17.70477294921875	9.173919067382812
Ar	17.8679443359375	17.458280029296876	13.290460205078125
Ar	17.6560791015625	17.817969970703125	17.811351318359375

step 800
T = 90.84424
P = -4.2540803e-5
Ar	0.07877302646636963	21.989301757812502	21.80181396484375
Ar	21.8188037109375	21.71196044921875	4.515679626464844
Ar	21.6672314453125	0.02584836721420288	8.848958740234375
Ar	21.94655029296875	21.67275390625	13.132998046875
Ar	21.996191406250002	21.783037109375	17.806396484375
Ar	0.06894366264343262	4.792487487792969	21.96909423828125
Ar	21.72894287109375	4.394649963378907	4.337896423339844
Ar	0.11395246505737305	4.19541259765625	8.93468505859375
Ar	0.17040063858032226	4.498966064453125	12.989345703125
Ar	0.008098627924919128	4.399430847167969	17.703955078125002
Ar	0.005137979388237	8.78524169921875	0.10343835830688476
Ar	0.01073433518409729	9.05587890625	4.407360534667969
Ar	21.90582763671875	8.627807006835937	8.798160400390625
Ar	0.012900896072387695	8.765502319335937	13.3381787109375
Ar	21.89263427734375	8.810638427734375	17.672325439453125
Ar	21.94157958984375	12.970952148437501	21.976513671875
Ar	0.22000669479370116	13.186014404296875	4.322158203125
Ar	0.25247568130493164	13.113226318359375	8.683292846679688
Ar	21.81215576171875	13.109122314453126	13.12794189453125
Ar	21.7225732421875	13.4380908203125	17.657266845703127
Ar	0.06677258014678955	17.5176904296875	21.8889697265625
Ar	0.01918600678443909	17.4155322265625	4.501751098632813
Ar	21.7131201171875	17.535164794921876	8.681475830078126
Ar	21.89303466796875	17.48406494140625	13.285943603515625
Ar	0.1420157814025879	17.693491210937502	17.64493896484375
Ar	4.264549560546875	21.92845947265625	0.26535676956176757
Ar	4.854164733886718	0.055109562873840334	4.6945129394531255
Ar	4.579285583496094	0.03946327924728393	8.734285278320312
Ar	4.217545166015625	21.88635986328125	13.06883056640625
Ar	4.224045715332031	21.9640576171875	17.869544677734375
Ar	4.373140563964844	4.437625122070313	21.99470458984375
Ar	4.414484252929688	4.413818969726562	4.2364370727539065
Ar	4.765222473144531	4.241258544921875	9.0620556640625
Ar	4.4379345703125	4.5228210449218755	12.9599609375
Ar	4.38094970703125	4.364810485839844	17.602734375
Ar	4.308631286621094	8.893220825195312	0.2815230369567871
Ar	4.392026672363281	8.50305908203125	4.33485107421875
Ar	4.243071899414063	8.657717895507814	8.749423217773439
Ar	4.242969970703125	8.724935302734375	13.2799951171875
Ar	4.711044006347656	9.010042114257812	17.506962890625
Ar	4.367296752929688	13.5054443359375	0.22872154235839845
Ar	4.651227416992188	13.085220947265626	4.609358520507812
Ar	4.5311105346679685	12.89116455078125	8.76785400390625
Ar	4.280040588378906	12.783297119140625	13.382023925781251
Ar	4.162335205078125	13.020791015625	17.2132080078125
Ar	4.549237365722656	17.859678955078124	0.20158760070800782
Ar	4.298338317871094	17.6264453125	4.118710021972657
Ar	4.506659851074219	17.9060205078125	8.860194091796876
Ar	4.255138854980469	17.648516845703124	13.15382080078125
Ar	4.473523559570313	17.872080078125002	17.797645263671875
Ar	9.052450561523438	21.72526611328125	0.09254185676574707
Ar	8.819531860351562	0.10936458587646485	4.3950433349609375
Ar	8.910369873046875	21.8431591796875	8.885787353515624
Ar	8.811629028320313	21.76357666015625	13.278660888671876
Ar	8.875065917968751	0.3931831741333008	17.477867431640625
Ar	8.55461669921875	4.192578735351563	21.751904296875
Ar	8.461322631835937	4.2263357543945315	4.8769580078125
Ar	8.709395141601563	4.5546875	9.122169189453125
Ar	9.193277587890625	4.249200439453125	13.402252197265625
Ar	8.7651611328125	4.080074157714844	18.0743603515625
Ar	8.596986083984374	9.057171630859376	0.0808310890197754
Ar	9.036715087890625	8.969937133789063	3.9595269775390625
Ar	8.801607666015625	8.808721313476562	8.687776489257812
Ar	8.815823364257813	8.716013793945313	13.23400390625
Ar	8.805914916992188	8.833325805664062	17.4917822265625
Ar	8.631597290039062	12.944342041015625	0.27437849044799806
Ar	8.681469116210938	13.18648681640625	4.511193542480469
Ar	8.831024169921875	13.389981689453125	8.908499755859376
Ar	8.729008178710938	13.069224853515625	13.146865234375
Ar	8.982984008789062	12.964373779296876	17.284259033203124
Ar	8.619556274414062	17.581131591796876	21.61372802734375
Ar	8.816806640625	17.740068359375	4.603983764648437
Ar	8.948212280273438	17.87734375	8.919239501953125
Ar	8.751151733398437	17.4866357421875	13.428636474609375
Ar	8.931873168945312	17.7518310546875	17.477412109375
Ar	13.43519775390625	21.9761865234375	21.984345703125
Ar	13.268128662109376	21.80129638671875	4.641954345703125
Ar	12.87479736328125	0.23658699035644531	8.620082397460937
Ar	13.256253662109375	0.21121540069580078	13.08606201171875
Ar	12.84460205078125	0.13377829551696777	17.733551025390625
Ar	13.3685400390625	4.562005310058594	0.04050719261169434
Ar	13.096070556640626	4.314928588867188	4.5383544921875005
Ar	13.204439697265625	4.5750820922851565	8.924397583007813
Ar	13.29131591796875	4.627896423339844	12.844105224609375
Ar	13.165406494140626	4.690544128417969	17.54984375
Ar	13.461773681640626	8.816453857421875	21.70297119140625
Ar	13.34758056640625	8.948929443359376	4.282648315429688
Ar	13.10578125	9.000390014648438	9.013676147460938
Ar	13.109285888671875	9.033668823242188	13.389561767578126
Ar	13.132296142578125	8.669771118164062	17.627071533203125
Ar	12.905545654296875	13.4023828125	0.3395055389404297
Ar	13.495220947265626	13.3225341796875	4.57648193359375
Ar	12.943199462890625	13.177922363281251	9.001553344726563
Ar	13.328504638671875	13.337490234375	13.25806884765625
Ar	13.277514648437501	13.1661474609375	17.344761962890626
Ar	13.019318847656251	17.600546875	21.8511083984375
Ar	13.294853515625	17.55298583984375	4.54349609375
Ar	13.20732666015625	17.8001318359375	8.732980346679687
Ar	13.272320556640626	17.868321533203126	13.283858642578124
Ar	13.1114306640625	17.5589990234375	18.011961669921874
Ar	17.668839111328126	0.29808786392211917	21.84341796875
Ar	17.327640380859375	21.8437451171875	4.348351745605469
Ar	17.54440185546875	0.103184175491333	8.601504516601564
Ar	17.653543701171877	0.16297874450683594	13.236202392578125
Ar	17.547208251953126	0.12557365417480468	17.681989746093752
Ar	17.42831787109375	4.733058166503906	21.73412109375
Ar	17.712061767578124	4.476421508789063	4.046876831054687
Ar	17.5370166015625	4.651646423339844	8.606544799804688
Ar	17.376501464843752	4.824433898925782	13.141064453125
Ar	17.624141845703125	4.3284936523437505	17.50378173828125
Ar	17.661370849609376	8.85505615234375	0.12634947776794433
Ar	17.676719970703125	8.624622192382812	4.565794982910156
Ar	17.680970458984376	8.716919555664063	8.582315673828125
Ar	17.675628662109375	9.0978515625	13.353364257812501
Ar	17.595057373046874	8.834591064453125	17.4728955078125
Ar	17.3324658203125	13.3994580078125	21.98040283203125
Ar	17.5639208984375	13.496094970703126	4.587291870117188
Ar	17.6544091796875	12.9891162109375	8.786701049804687
Ar	17.651591796875	13.4357470703125	13.402003173828126
Ar	17.53494384765625	12.998087158203125	17.619652099609375
Ar	17.87505615234375	17.947720947265626	21.88277099609375
Ar	17.3213525390625	17.745528564453124	4.18602783203125
Ar	17.69208251953125	17.719720458984376	9.162134399414063
Ar	17.989437255859375	17.452625732421875	13.3548486328125
Ar	17.75686767578125	17.817137451171874	17.780859375000002

step 900
T = 94.35056
P = -4.2499643e-5
Ar	0.018752193450927736	0.1637103271484375	21.766394042968752
Ar	21.80318359375	21.65325927734375	4.413005981445313
Ar	21.5800732421875	0.02215064287185669	8.816996459960938
Ar	21.8595166015625	21.63711181640625	13.123848876953126
Ar	21.9806689453125	21.7499365234375	17.9678369140625
Ar	0.017996746301651	4.757933044433594	21.99243896484375
Ar	21.8562548828125	4.353577270507812	4.297930603027344
Ar	0.14267820358276367	4.2749240112304685	8.859644165039063
Ar	0.25450740814208983	4.512054443359375	12.952213134765625
Ar	21.98673583984375	4.4263394165039065	17.69778564453125
Ar	0.034648215770721434	8.878344726562501	0.020854966640472414
Ar	21.96059814453125	9.102669067382813	4.370586242675781
Ar	21.951123046875	8.596263427734375	8.825494384765625
Ar	0.019025324583053588	8.713182373046875	13.300775146484375
Ar	21.9451806640625	8.805587158203124	17.63495361328125
Ar	21.86567626953125	12.97008544921875	21.97199951171875
Ar	0.18800825119018555	13.244006347656251	4.3790917968750005
Ar	0.19331754684448244	13.028135986328126	8.610070190429688
Ar	21.72924072265625	13.096246337890625	13.062989501953126
Ar	21.75062255859375	13.43471923828125	17.651240234375
Ar	0.0009956618398427963	17.5377490234375	21.84156982421875
Ar	0.07930051803588867	17.388790283203125	4.506965942382813
Ar	21.66045166015625	17.5829248046875	8.678935546875
Ar	21.922568359375	17.478541259765624	13.20993896484375
Ar	0.11288106918334961	17.71081298828125	17.657266845703127
Ar	4.231075439453125	21.8434521484375	0.2859553146362305
Ar	4.924640197753907	0.03206125020980835	4.726289672851562
Ar	4.528861694335937	0.08860851287841796	8.7718408203125
Ar	4.248498840332031	21.88833984375	13.095413818359376
Ar	4.208989562988282	21.97143310546875	17.8832373046875
Ar	4.378623962402344	4.437232971191406	0.038533523082733154
Ar	4.319486999511719	4.422030334472656	4.293704528808594
Ar	4.847569580078125	4.266667175292969	9.0061181640625
Ar	4.427753601074219	4.597539672851562	13.022451171875
Ar	4.399430236816406	4.349518737792969	17.632054443359376
Ar	4.2997119140625	8.86902099609375	0.19991897583007812
Ar	4.231893920898438	8.3999267578125	4.324233703613281
Ar	4.1920339965820315	8.63368408203125	8.675418701171875
Ar	4.312704162597656	8.731553955078125	13.297508544921875
Ar	4.714696655273437	8.952810668945313	17.521109619140624
Ar	4.2156198120117185	13.586119384765626	0.31542406082153324
Ar	4.822872924804687	13.081632080078125	4.673880615234375
Ar	4.525250549316406	12.94084716796875	8.758026123046875
Ar	4.328433227539063	12.7658251953125	13.3832373046875
Ar	4.154563598632812	13.042420654296876	17.146680908203127
Ar	4.5249417114257815	17.813236083984375	0.1362131977081299
Ar	4.2203436279296875	17.53919189453125	4.166070861816406
Ar	4.45458740234375	17.888358154296874	8.847776489257813
Ar	4.3315539550781255	17.619190673828125	13.24946533203125
Ar	4.513769226074219	17.809306640625	17.8914990234375
Ar	9.07825439453125	21.560766601562502	0.020701615810394286
Ar	8.852091674804688	0.04337727546691895	4.397564697265625
Ar	8.802923583984375	21.88927490234375	8.976073608398437
Ar	8.90540283203125	21.852451171875	13.421574707031251
Ar	8.9726953125	0.4290798187255859	17.457724609375
Ar	8.558305053710937	4.066161193847656	21.816357421875
Ar	8.533304443359375	4.179442138671875	4.962586059570312
Ar	8.741846313476563	4.5322204589843755	9.20386962890625
Ar	9.213509521484376	4.280560607910156	13.353201904296876
Ar	8.783286132812501	4.051265563964844	17.834273681640624
Ar	8.545303955078126	9.085631713867187	0.12626456260681151
Ar	9.019345092773438	9.099589233398438	3.9835830688476563
Ar	8.820399169921876	8.714683837890625	8.728220825195313
Ar	8.777720336914063	8.793432006835937	13.22453125
Ar	8.778775024414063	8.83474365234375	17.447841796875
Ar	8.644495849609376	12.98722412109375	0.3573093032836914
Ar	8.697118530273437	13.179827880859376	4.515970764160157
Ar	8.781243286132813	13.38364501953125	8.834517822265624
Ar	8.680302124023438	13.07998046875	13.155894775390625
Ar	8.9943505859375	12.8837890625	17.309034423828127
Ar	8.560630493164062	17.5267138671875	21.633398437500002
Ar	8.7528955078125	17.685404052734377	4.648966064453125
Ar	8.913391723632813	17.892777099609376	8.947870483398438
Ar	8.742619628906251	17.454556884765626	13.446468505859375
Ar	8.933856201171876	17.75485107421875	17.485589599609376
Ar	13.39919677734375	21.95056884765625	21.913156738281252
Ar	13.305283203125	21.716640625	4.696094055175782
Ar	12.907745361328125	0.2573603439331055	8.5733935546875
Ar	13.25146728515625	0.17854854583740234	13.06675537109375
Ar	12.757478027343751	0.04995064735412598	17.667198486328125
Ar	13.3171337890625	4.590217590332031	0.05363820552825928
Ar	13.0535791015625	4.322837829589844	4.571626281738282
Ar	13.211868896484376	4.497880859375	8.93658203125
Ar	13.196123046875	4.602962951660157	12.86669921875
Ar	13.1174169921875	4.643483276367188	17.451466064453125
Ar	13.419971923828125	8.801066284179688	21.631086425781252
Ar	13.414200439453126	8.954929809570313	4.2154019165039065
Ar	13.102484130859375	9.071368408203126	9.068648681640624
Ar	13.1076904296875	9.064115600585938	13.3597998046875
Ar	13.151755371093751	8.675064086914062	17.689404296875
Ar	13.038419189453125	13.4131201171875	0.2418305206298828
Ar	13.443349609375	13.30291015625	4.669668273925781
Ar	12.915670166015625	13.166390380859376	8.992777709960938
Ar	13.4337548828125	13.373038330078126	13.208865966796875
Ar	13.282803955078125	13.219027099609375	17.4902490234375
Ar	13.08966796875	17.50814453125	21.84891845703125
Ar	13.3023193359375	17.619036865234374	4.561859741210937
Ar	13.1992041015625	17.86572021484375	8.644759521484374
Ar	13.251285400390625	17.95453125	13.240914306640626
Ar	13.12869140625	17.507635498046877	18.045665283203125
Ar	17.564395751953125	0.26806077957153324	21.909189453125002
Ar	17.3352978515625	21.78564208984375	4.444728088378906
Ar	17.500823974609375	0.021823112964630128	8.557235107421874
Ar	17.704091796875	0.2013750457763672	13.29331298828125
Ar	17.582933349609377	0.13587838172912597	17.678348388671875
Ar	17.462045898437502	4.75032470703125	21.761179199218752
Ar	17.69966064453125	4.493986206054688	4.025901184082032
Ar	17.52182373046875	4.703600463867188	8.662391967773438
Ar	17.368375244140626	4.729837951660157	13.128404541015625
Ar	17.62517578125	4.3528991699218755	17.504473876953124
Ar	17.719940185546875	8.794604492187501	0.1884246635437012
Ar	17.730677490234374	8.727025146484376	4.62402099609375
Ar	17.680855712890626	8.714255981445312	8.446950073242188
Ar	17.68093994140625	9.155148315429688	13.31803466796875
Ar	17.675570068359374	8.738555908203125	17.409527587890626
Ar	17.323416748046874	13.372508544921875	21.9126220703125
Ar	17.705404052734377	13.55279296875	4.452436828613282
Ar	17.656287841796875	12.9875927734375	8.860015258789062
Ar	17.485750732421874	13.461051025390626	13.424482421875
Ar	17.538907470703126	13.051209716796876	17.60380615234375
Ar	17.796180419921875	18.017530517578127	21.8641162109375
Ar	17.285997314453127	17.809014892578126	4.218208312988281
Ar	17.708118896484375	17.699029541015626	9.0886572265625
Ar	17.975037841796876	17.514562988281252	13.396954345703126
Ar	17.6357373046875	17.66405029296875	17.751337890625

step 1000
T = 95.200485
P = -4.2489664e-5
Ar	0.0223170280456543	0.211239013671875	21.7190283203125
Ar	21.78479736328125	21.5763671875	4.3394381713867185
Ar	21.5981640625	0.002426806539297104	8.980625610351563
Ar	21.9647802734375	21.6697900390625	13.127158203125001
Ar	21.91180419921875	21.69747314453125	17.952036132812502
Ar	21.95986572265625	4.768411560058594	21.991455078125
Ar	21.8913525390625	4.2999703979492185	4.264003601074219
Ar	0.1960516357421875	4.253434143066406	8.795349731445313
Ar	0.36005706787109376	4.5368798828125	12.842071533203125
Ar	0.030614900588989257	4.411897583007812	17.726595458984374
Ar	0.13848200798034668	8.798834838867188	0.005222241282463074
Ar	0.11239459037780762	9.049456787109376	4.350672607421875
Ar	0.005828931331634522	8.526477661132812	8.879793701171875
Ar	0.08262959480285645	8.729207153320313	13.33940185546875
Ar	0.07408134937286377	8.838987426757813	17.649439697265624
Ar	21.80766357421875	13.009764404296876	21.96969482421875
Ar	0.24954679489135742	13.20716064453125	4.332966613769531
Ar	0.28585792541503907	12.985889892578125	8.661213989257813
Ar	21.695576171875	12.981092529296875	13.132646484375
Ar	21.7057666015625	13.507308349609374	17.755257568359376
Ar	0.019093693494796754	17.571890869140624	21.80431884765625
Ar	0.07520112037658691	17.363675537109376	4.514174499511719
Ar	21.71103759765625	17.523450927734377	8.664624633789062
Ar	21.95222900390625	17.486334228515627	13.22881103515625
Ar	0.18005916595458984	17.711173095703124	17.628289794921876
Ar	4.283343200683594	21.8138037109375	0.33670791625976565
Ar	4.916452026367188	21.97370849609375	4.784096374511718
Ar	4.581924133300781	0.04922255039215088	8.75060302734375
Ar	4.200885009765625	21.965402832031252	13.066956787109376
Ar	4.2263818359375005	21.96416259765625	17.840063476562502
Ar	4.47134765625	4.553806762695313	21.920712890625
Ar	4.29900146484375	4.452509460449219	4.279169921875
Ar	4.871192626953125	4.285665893554688	8.958005981445313
Ar	4.466436157226562	4.626545715332031	13.056495361328125
Ar	4.421072082519531	4.505757751464844	17.490352783203125
Ar	4.322599487304688	8.936043701171876	0.11611145019531251
Ar	4.182877197265625	8.459797973632813	4.419352722167969
Ar	4.199497680664063	8.6206640625	8.736141357421875
Ar	4.292515563964844	8.814065551757812	13.302381591796875
Ar	4.613860168457031	9.031275024414063	17.5859423828125
Ar	4.231969604492187	13.50386962890625	0.34528438568115233
Ar	4.776110229492188	13.098701171875	4.737638854980469
Ar	4.541509704589844	12.904500732421875	8.776767578125
Ar	4.3390194702148435	12.82342041015625	13.27916748046875
Ar	4.106726379394531	13.014151611328126	17.262635498046876
Ar	4.535421752929688	17.734388427734377	0.18737178802490234
Ar	4.243831787109375	17.520096435546876	4.148948059082032
Ar	4.402864379882812	17.92546875	8.811721801757812
Ar	4.316766967773438	17.649530029296876	13.229645996093751
Ar	4.516872253417969	17.834932861328124	17.884853515625
Ar	9.073389282226563	21.652414550781252	21.92897216796875
Ar	8.933770751953125	0.07365026950836182	4.391467895507812
Ar	8.701216430664063	21.9429345703125	9.044815063476562
Ar	8.963209228515625	21.84093505859375	13.375244140625
Ar	8.9051806640625	0.3996265411376953	17.428994140625
Ar	8.635545043945312	4.2028677368164065	21.7476123046875
Ar	8.5168115234375	4.199922180175781	5.069176330566406
Ar	8.657700805664062	4.47043701171875	9.279432373046875
Ar	9.12468017578125	4.284476623535157	13.3316064453125
Ar	8.866074829101562	4.133829345703125	17.757940673828127
Ar	8.59177001953125	9.104503173828125	0.06631503105163575
Ar	9.072074584960937	8.966753540039063	3.974472351074219
Ar	8.746259155273437	8.73239990234375	8.656329345703126
Ar	8.653155517578126	8.799283447265625	13.2791943359375
Ar	8.834100952148438	8.875131225585937	17.451038818359375
Ar	8.62958984375	12.9855615234375	0.43654441833496094
Ar	8.62435546875	13.230384521484375	4.5267572021484375
Ar	8.780101928710938	13.403358154296875	8.783350219726563
Ar	8.648832397460938	13.0823828125	13.141243896484376
Ar	8.951812133789062	12.9043115234375	17.27800048828125
Ar	8.629043579101562	17.505557861328125	21.58650146484375
Ar	8.763306884765624	17.702269287109374	4.626530151367188
Ar	8.933539428710938	17.944772949218752	8.875057373046875
Ar	8.696563110351562	17.5119189453125	13.49974853515625
Ar	8.974321899414063	17.785925292968752	17.420654296875
Ar	13.385791015625001	21.9080078125	21.95404296875
Ar	13.298765869140626	21.75941650390625	4.825007629394531
Ar	12.910804443359375	0.22830522537231446	8.560753173828125
Ar	13.274724121093751	0.17475191116333008	13.106387939453125
Ar	12.704349365234375	0.044028124809265136	17.638751220703124
Ar	13.252283935546876	4.593247680664063	0.143505916595459
Ar	12.991341552734376	4.267667541503906	4.504809875488282
Ar	13.18052734375	4.539427490234375	9.040494995117188
Ar	13.100616455078125	4.513765563964844	12.92728271484375
Ar	13.15068603515625	4.556195678710938	17.428458251953124
Ar	13.417818603515625	8.773518676757813	21.6005224609375
Ar	13.49092041015625	9.000524291992187	4.164984130859375
Ar	13.173736572265625	9.101927490234376	9.076265869140625
Ar	13.097366943359376	9.183236694335937	13.32602294921875
Ar	13.177178955078125	8.689057006835938	17.654428710937502
Ar	13.098853759765625	13.365352783203125	0.20442838668823243
Ar	13.46407958984375	13.31186279296875	4.555901794433594
Ar	12.85998779296875	13.2361376953125	9.058838500976563
Ar	13.4127783203125	13.353603515625	13.23997314453125
Ar	13.273121337890625	13.276910400390625	17.418380126953124
Ar	13.054381103515626	17.56828857421875	21.7927099609375
Ar	13.3901123046875	17.602017822265626	4.620487365722656
Ar	13.149445800781251	17.9517431640625	8.628720703125
Ar	13.30103271484375	17.93713134765625	13.258052978515625
Ar	13.123309326171876	17.525983886718752	17.99914794921875
Ar	17.603946533203125	0.24902744293212892	21.89164306640625
Ar	17.408392333984377	21.767236328125	4.4096307373046875
Ar	17.477247314453127	0.055011863708496096	8.53421142578125
Ar	17.71888916015625	0.3537729644775391	13.306827392578125
Ar	17.5925439453125	0.14071992874145509	17.594763183593752
Ar	17.408182373046877	4.785652465820313	21.8008154296875
Ar	17.679583740234374	4.4123583984375	4.064014892578125
Ar	17.557099609375	4.7004397583007815	8.712505493164063
Ar	17.355953369140625	4.749779357910156	13.101177978515626
Ar	17.709215087890627	4.398632507324219	17.48462158203125
Ar	17.6856689453125	8.681593627929688	0.1749381446838379
Ar	17.810648193359377	8.748651123046875	4.674532775878906
Ar	17.705427246093752	8.734060668945313	8.431233520507813
Ar	17.579603271484377	9.119348754882813	13.2806591796875
Ar	17.6736669921875	8.731959838867187	17.4894384765625
Ar	17.29901611328125	13.37951904296875	21.93027099609375
Ar	17.736259765625	13.602631835937501	4.4089288330078125
Ar	17.671204833984376	12.986226806640625	8.889803466796875
Ar	17.41936767578125	13.37265869140625	13.435645751953125
Ar	17.49615478515625	13.075162353515625	17.534095458984375
Ar	17.670115966796875	17.86614990234375	21.96257080078125
Ar	17.472415771484375	17.918681640625	4.237691955566406
Ar	17.667305908203126	17.796595458984374	9.148462524414063
Ar	17.943138427734375	17.52259033203125	13.417760009765626
Ar	17.687015380859375	17.659542236328125	17.736632080078124
